---------------------------------------------------------------
[ 2018-03-21T20:26:52+08:00 ] 127.0.0.1 GET /api/museum/1
[ info ] museum.xyz/api/museum/1 [运行时间：0.025095s][吞吐率：39.85req/s] [内存消耗：3,509.20kb] [文件加载：54]
[ info ] [ LANG ] /Applications/XAMPP/xamppfiles/htdocs/think/thinkphp/lang/zh-cn.php
[ info ] [ ROUTE ] array (
  'type' => 'module',
  'module' => 
  array (
    0 => 'api',
    1 => 'MuseumControlApi',
    2 => 'museum',
  ),
  'convert' => false,
)
[ info ] [ HEADER ] array (
  'host' => 'museum.xyz',
  'connection' => 'keep-alive',
  'cache-control' => 'max-age=0',
  'upgrade-insecure-requests' => '1',
  'user-agent' => 'Mozilla/5.0 (Macintosh; Intel Mac OS X 10_13_3) AppleWebKit/537.36 (KHTML, like Gecko) Chrome/65.0.3325.162 Safari/537.36',
  'accept' => 'text/html,application/xhtml+xml,application/xml;q=0.9,image/webp,image/apng,*/*;q=0.8',
  'accept-encoding' => 'gzip, deflate',
  'accept-language' => 'zh-CN,zh;q=0.9,en-US;q=0.8,en;q=0.7',
)
[ info ] [ PARAM ] array (
  'id' => '1',
)
[ info ] [ RUN ] app\api\controller\MuseumControlApi->museum[ /Applications/XAMPP/xamppfiles/htdocs/think/application/api/controller/MuseumControlApi.php ]
[ info ] [ DB ] INIT mysql
[ info ] [ LOG ] INIT File
[ error ] [2006]SQLSTATE[HY000] [2006] MySQL server has gone away[/Applications/XAMPP/xamppfiles/htdocs/think/thinkphp/library/think/db/Connection.php:293]
---------------------------------------------------------------
[ 2018-03-21T20:26:54+08:00 ] 127.0.0.1 GET /api/museum/1
[ info ] museum.xyz/api/museum/1 [运行时间：0.027721s][吞吐率：36.07req/s] [内存消耗：3,524.77kb] [文件加载：52]
[ info ] [ LANG ] /Applications/XAMPP/xamppfiles/htdocs/think/thinkphp/lang/zh-cn.php
[ info ] [ ROUTE ] array (
  'type' => 'module',
  'module' => 
  array (
    0 => 'api',
    1 => 'MuseumControlApi',
    2 => 'museum',
  ),
  'convert' => false,
)
[ info ] [ HEADER ] array (
  'host' => 'museum.xyz',
  'connection' => 'keep-alive',
  'cache-control' => 'max-age=0',
  'upgrade-insecure-requests' => '1',
  'user-agent' => 'Mozilla/5.0 (Macintosh; Intel Mac OS X 10_13_3) AppleWebKit/537.36 (KHTML, like Gecko) Chrome/65.0.3325.162 Safari/537.36',
  'accept' => 'text/html,application/xhtml+xml,application/xml;q=0.9,image/webp,image/apng,*/*;q=0.8',
  'accept-encoding' => 'gzip, deflate',
  'accept-language' => 'zh-CN,zh;q=0.9,en-US;q=0.8,en;q=0.7',
)
[ info ] [ PARAM ] array (
  'id' => '1',
)
[ info ] [ RUN ] app\api\controller\MuseumControlApi->museum[ /Applications/XAMPP/xamppfiles/htdocs/think/application/api/controller/MuseumControlApi.php ]
[ info ] [ DB ] INIT mysql
[ info ] [ LOG ] INIT File
[ sql ] [ DB ] CONNECT:[ UseTime:0.000579s ] mysql:host=127.0.0.1;dbname=museum;charset=utf8
[ sql ] [ SQL ] SHOW COLUMNS FROM `museum` [ RunTime:0.004468s ]
[ sql ] [ SQL ] SELECT * FROM `museum` WHERE  `id` = 1 LIMIT 1 [ RunTime:0.000409s ]
---------------------------------------------------------------
[ 2018-03-21T20:27:00+08:00 ] 127.0.0.1 GET /api/user/login/
[ info ] museum.xyz/api/user/login/ [运行时间：0.015830s][吞吐率：63.17req/s] [内存消耗：2,093.81kb] [文件加载：43]
[ info ] [ LANG ] /Applications/XAMPP/xamppfiles/htdocs/think/thinkphp/lang/zh-cn.php
[ info ] [ ROUTE ] array (
  'type' => 'module',
  'module' => 
  array (
    0 => 'api',
    1 => 'UserControlApi',
    2 => 'login',
  ),
  'convert' => false,
)
[ info ] [ HEADER ] array (
  'host' => 'museum.xyz',
  'connection' => 'keep-alive',
  'upgrade-insecure-requests' => '1',
  'user-agent' => 'Mozilla/5.0 (Macintosh; Intel Mac OS X 10_13_3) AppleWebKit/537.36 (KHTML, like Gecko) Chrome/65.0.3325.162 Safari/537.36',
  'accept' => 'text/html,application/xhtml+xml,application/xml;q=0.9,image/webp,image/apng,*/*;q=0.8',
  'accept-encoding' => 'gzip, deflate',
  'accept-language' => 'zh-CN,zh;q=0.9,en-US;q=0.8,en;q=0.7',
)
[ info ] [ PARAM ] array (
)
[ info ] [ RUN ] app\api\controller\UserControlApi->login[ /Applications/XAMPP/xamppfiles/htdocs/think/application/api/controller/UserControlApi.php ]
[ info ] [ LOG ] INIT File
---------------------------------------------------------------
[ 2018-03-21T20:27:02+08:00 ] 127.0.0.1 GET /api/user/login/
[ info ] museum.xyz/api/user/login/ [运行时间：0.014431s][吞吐率：69.30req/s] [内存消耗：2,094.20kb] [文件加载：43]
[ info ] [ LANG ] /Applications/XAMPP/xamppfiles/htdocs/think/thinkphp/lang/zh-cn.php
[ info ] [ ROUTE ] array (
  'type' => 'module',
  'module' => 
  array (
    0 => 'api',
    1 => 'UserControlApi',
    2 => 'login',
  ),
  'convert' => false,
)
[ info ] [ HEADER ] array (
  'host' => 'museum.xyz',
  'connection' => 'keep-alive',
  'cache-control' => 'max-age=0',
  'upgrade-insecure-requests' => '1',
  'user-agent' => 'Mozilla/5.0 (Macintosh; Intel Mac OS X 10_13_3) AppleWebKit/537.36 (KHTML, like Gecko) Chrome/65.0.3325.162 Safari/537.36',
  'accept' => 'text/html,application/xhtml+xml,application/xml;q=0.9,image/webp,image/apng,*/*;q=0.8',
  'accept-encoding' => 'gzip, deflate',
  'accept-language' => 'zh-CN,zh;q=0.9,en-US;q=0.8,en;q=0.7',
)
[ info ] [ PARAM ] array (
)
[ info ] [ RUN ] app\api\controller\UserControlApi->login[ /Applications/XAMPP/xamppfiles/htdocs/think/application/api/controller/UserControlApi.php ]
[ info ] [ LOG ] INIT File
---------------------------------------------------------------
[ 2018-03-21T20:27:21+08:00 ] 127.0.0.1 POST /api/admin/login/
[ info ] museum.xyz/api/admin/login/ [运行时间：0.030451s][吞吐率：32.84req/s] [内存消耗：3,555.97kb] [文件加载：53]
[ info ] [ LANG ] /Applications/XAMPP/xamppfiles/htdocs/think/thinkphp/lang/zh-cn.php
[ info ] [ ROUTE ] array (
  'type' => 'module',
  'module' => 
  array (
    0 => 'api',
    1 => 'AdminControlApi',
    2 => 'login',
  ),
  'convert' => false,
)
[ info ] [ HEADER ] array (
  'content-type' => 'multipart/form-data; boundary=--------------------------467691668626409085229825',
  'cache-control' => 'no-cache',
  'postman-token' => '7e796980-8666-46b9-b875-31dfb8d597a7',
  'user-agent' => 'PostmanRuntime/7.1.1',
  'accept' => '*/*',
  'host' => 'museum.xyz',
  'cookie' => 'PHPSESSID=5tindq93i250stln12gbelhd53',
  'accept-encoding' => 'gzip, deflate',
  'content-length' => '284',
  'connection' => 'keep-alive',
)
[ info ] [ PARAM ] array (
  'loginname' => 'wyh0655',
  'password' => '123456',
)
[ info ] [ RUN ] app\api\controller\AdminControlApi->login[ /Applications/XAMPP/xamppfiles/htdocs/think/application/api/controller/AdminControlApi.php ]
[ info ] [ DB ] INIT mysql
[ info ] [ LOG ] INIT File
[ sql ] [ DB ] CONNECT:[ UseTime:0.000662s ] mysql:host=127.0.0.1;dbname=museum;charset=utf8
[ sql ] [ SQL ] SHOW COLUMNS FROM `admin` [ RunTime:0.002272s ]
[ sql ] [ SQL ] SELECT * FROM `admin` WHERE  `loginname` = 'wyh0655'  AND `password` = 'fe386210f3e642fe7ae8931bbede6fa9' LIMIT 1 [ RunTime:0.000413s ]
---------------------------------------------------------------
[ 2018-03-21T20:45:05+08:00 ] 127.0.0.1 POST /api/admin/login/
[ info ] museum.xyz/api/admin/login/ [运行时间：0.039550s][吞吐率：25.28req/s] [内存消耗：3,556.08kb] [文件加载：53]
[ info ] [ LANG ] /Applications/XAMPP/xamppfiles/htdocs/think/thinkphp/lang/zh-cn.php
[ info ] [ ROUTE ] array (
  'type' => 'module',
  'module' => 
  array (
    0 => 'api',
    1 => 'AdminControlApi',
    2 => 'login',
  ),
  'convert' => false,
)
[ info ] [ HEADER ] array (
  'content-type' => 'multipart/form-data; boundary=--------------------------471606760502778226603418',
  'cache-control' => 'no-cache',
  'postman-token' => '3b400c11-36c3-4fb1-93f2-f17eca409fdc',
  'user-agent' => 'PostmanRuntime/7.1.1',
  'accept' => '*/*',
  'host' => 'museum.xyz',
  'cookie' => 'PHPSESSID=5tindq93i250stln12gbelhd53',
  'accept-encoding' => 'gzip, deflate',
  'content-length' => '284',
  'connection' => 'keep-alive',
)
[ info ] [ PARAM ] array (
  'loginname' => 'wyh0655',
  'password' => '123456',
)
[ info ] [ RUN ] app\api\controller\AdminControlApi->login[ /Applications/XAMPP/xamppfiles/htdocs/think/application/api/controller/AdminControlApi.php ]
[ info ] [ DB ] INIT mysql
[ info ] [ LOG ] INIT File
[ sql ] [ DB ] CONNECT:[ UseTime:0.000635s ] mysql:host=127.0.0.1;dbname=museum;charset=utf8
[ sql ] [ SQL ] SHOW COLUMNS FROM `admin` [ RunTime:0.004429s ]
[ sql ] [ SQL ] SELECT * FROM `admin` WHERE  `loginname` = 'wyh0655'  AND `password` = 'fe386210f3e642fe7ae8931bbede6fa9' LIMIT 1 [ RunTime:0.000393s ]
---------------------------------------------------------------
[ 2018-03-21T20:45:15+08:00 ] 127.0.0.1 POST /api/admin/login/
[ info ] museum.xyz/api/admin/login/ [运行时间：0.027151s][吞吐率：36.83req/s] [内存消耗：3,560.31kb] [文件加载：53]
[ info ] [ LANG ] /Applications/XAMPP/xamppfiles/htdocs/think/thinkphp/lang/zh-cn.php
[ info ] [ ROUTE ] array (
  'type' => 'module',
  'module' => 
  array (
    0 => 'api',
    1 => 'AdminControlApi',
    2 => 'login',
  ),
  'convert' => false,
)
[ info ] [ HEADER ] array (
  'content-type' => 'multipart/form-data; boundary=--------------------------900816124287752793745565',
  'cache-control' => 'no-cache',
  'postman-token' => '0380cfd5-86b7-4ea3-918f-e2d69554ea50',
  'user-agent' => 'PostmanRuntime/7.1.1',
  'accept' => '*/*',
  'host' => 'museum.xyz',
  'cookie' => 'PHPSESSID=5tindq93i250stln12gbelhd53',
  'accept-encoding' => 'gzip, deflate',
  'content-length' => '282',
  'connection' => 'keep-alive',
)
[ info ] [ PARAM ] array (
  'loginname' => 'admin',
  'password' => '123456',
)
[ info ] [ RUN ] app\api\controller\AdminControlApi->login[ /Applications/XAMPP/xamppfiles/htdocs/think/application/api/controller/AdminControlApi.php ]
[ info ] [ DB ] INIT mysql
[ info ] [ SESSION ] INIT array (
  'id' => '',
  'var_session_id' => '',
  'prefix' => 'think',
  'type' => '',
  'auto_start' => true,
)
[ info ] [ LOG ] INIT File
[ sql ] [ DB ] CONNECT:[ UseTime:0.000573s ] mysql:host=127.0.0.1;dbname=museum;charset=utf8
[ sql ] [ SQL ] SHOW COLUMNS FROM `admin` [ RunTime:0.002593s ]
[ sql ] [ SQL ] SELECT * FROM `admin` WHERE  `loginname` = 'admin'  AND `password` = 'fe386210f3e642fe7ae8931bbede6fa9' LIMIT 1 [ RunTime:0.000988s ]
---------------------------------------------------------------
[ 2018-03-21T20:55:13+08:00 ] 127.0.0.1 GET /api/user/login/
[ info ] museum.xyz/api/user/login/ [运行时间：0.022593s][吞吐率：44.26req/s] [内存消耗：2,094.12kb] [文件加载：43]
[ info ] [ LANG ] /Applications/XAMPP/xamppfiles/htdocs/think/thinkphp/lang/zh-cn.php
[ info ] [ ROUTE ] array (
  'type' => 'module',
  'module' => 
  array (
    0 => 'api',
    1 => 'UserControlApi',
    2 => 'login',
  ),
  'convert' => false,
)
[ info ] [ HEADER ] array (
  'host' => 'museum.xyz',
  'connection' => 'keep-alive',
  'upgrade-insecure-requests' => '1',
  'user-agent' => 'Mozilla/5.0 (Macintosh; Intel Mac OS X 10_13_3) AppleWebKit/537.36 (KHTML, like Gecko) Chrome/65.0.3325.162 Safari/537.36',
  'accept' => 'text/html,application/xhtml+xml,application/xml;q=0.9,image/webp,image/apng,*/*;q=0.8',
  'accept-encoding' => 'gzip, deflate',
  'accept-language' => 'zh-CN,zh;q=0.9,en-US;q=0.8,en;q=0.7',
)
[ info ] [ PARAM ] array (
)
[ info ] [ RUN ] app\api\controller\UserControlApi->login[ /Applications/XAMPP/xamppfiles/htdocs/think/application/api/controller/UserControlApi.php ]
[ info ] [ LOG ] INIT File
---------------------------------------------------------------
[ 2018-03-21T20:56:35+08:00 ] 127.0.0.1 GET /
[ info ] museum.xyz/ [运行时间：0.012216s][吞吐率：81.86req/s] [内存消耗：1,712.90kb] [文件加载：36]
[ info ] [ LANG ] /Applications/XAMPP/xamppfiles/htdocs/think/thinkphp/lang/zh-cn.php
[ info ] [ ROUTE ] array (
  'type' => 'module',
  'module' => 
  array (
    0 => '',
    1 => NULL,
    2 => NULL,
  ),
)
[ info ] [ HEADER ] array (
  'host' => 'museum.xyz',
  'connection' => 'keep-alive',
  'upgrade-insecure-requests' => '1',
  'user-agent' => 'Mozilla/5.0 (Macintosh; Intel Mac OS X 10_13_3) AppleWebKit/537.36 (KHTML, like Gecko) Chrome/65.0.3325.162 Safari/537.36',
  'accept' => 'text/html,application/xhtml+xml,application/xml;q=0.9,image/webp,image/apng,*/*;q=0.8',
  'accept-encoding' => 'gzip, deflate',
  'accept-language' => 'zh-CN,zh;q=0.9,en-US;q=0.8,en;q=0.7',
)
[ info ] [ PARAM ] array (
)
[ info ] [ RUN ] app\index\controller\Index->index[ /Applications/XAMPP/xamppfiles/htdocs/think/application/index/controller/Index.php ]
[ info ] [ LOG ] INIT File
---------------------------------------------------------------
[ 2018-03-21T21:36:46+08:00 ] 127.0.0.1 GET /api/museum/id/1
[ info ] museum.xyz/api/museum/id/1 [运行时间：0.034275s][吞吐率：29.18req/s] [内存消耗：3,522.73kb] [文件加载：52]
[ info ] [ LANG ] /Applications/XAMPP/xamppfiles/htdocs/think/thinkphp/lang/zh-cn.php
[ info ] [ ROUTE ] array (
  'type' => 'module',
  'module' => 
  array (
    0 => 'api',
    1 => 'MuseumControlApi',
    2 => 'museum',
  ),
  'convert' => false,
)
[ info ] [ HEADER ] array (
  'host' => 'museum.xyz',
  'connection' => 'keep-alive',
  'upgrade-insecure-requests' => '1',
  'user-agent' => 'Mozilla/5.0 (Macintosh; Intel Mac OS X 10_13_3) AppleWebKit/537.36 (KHTML, like Gecko) Chrome/65.0.3325.162 Safari/537.36',
  'accept' => 'text/html,application/xhtml+xml,application/xml;q=0.9,image/webp,image/apng,*/*;q=0.8',
  'accept-encoding' => 'gzip, deflate',
  'accept-language' => 'zh-CN,zh;q=0.9,en-US;q=0.8,en;q=0.7',
  'cookie' => 'pgv_pvi=9729562624; pgv_si=s3059603456',
)
[ info ] [ PARAM ] array (
  'id' => 'id',
)
[ info ] [ RUN ] app\api\controller\MuseumControlApi->museum[ /Applications/XAMPP/xamppfiles/htdocs/think/application/api/controller/MuseumControlApi.php ]
[ info ] [ DB ] INIT mysql
[ info ] [ LOG ] INIT File
[ sql ] [ DB ] CONNECT:[ UseTime:0.000507s ] mysql:host=127.0.0.1;dbname=museum;charset=utf8
[ sql ] [ SQL ] SHOW COLUMNS FROM `museum` [ RunTime:0.004911s ]
[ sql ] [ SQL ] SELECT * FROM `museum` WHERE  `id` = 0 LIMIT 1 [ RunTime:0.000610s ]
---------------------------------------------------------------
[ 2018-03-21T21:36:53+08:00 ] 127.0.0.1 GET /api/museum/
[ info ] museum.xyz/api/museum/ [运行时间：0.015066s][吞吐率：66.37req/s] [内存消耗：1,773.17kb] [文件加载：39]
[ info ] [ LANG ] /Applications/XAMPP/xamppfiles/htdocs/think/thinkphp/lang/zh-cn.php
[ info ] [ ROUTE ] array (
  'type' => 'module',
  'module' => 
  array (
    0 => 'api',
    1 => 'museum',
    2 => NULL,
  ),
)
[ info ] [ HEADER ] array (
  'host' => 'museum.xyz',
  'connection' => 'keep-alive',
  'upgrade-insecure-requests' => '1',
  'user-agent' => 'Mozilla/5.0 (Macintosh; Intel Mac OS X 10_13_3) AppleWebKit/537.36 (KHTML, like Gecko) Chrome/65.0.3325.162 Safari/537.36',
  'accept' => 'text/html,application/xhtml+xml,application/xml;q=0.9,image/webp,image/apng,*/*;q=0.8',
  'accept-encoding' => 'gzip, deflate',
  'accept-language' => 'zh-CN,zh;q=0.9,en-US;q=0.8,en;q=0.7',
  'cookie' => 'pgv_pvi=9729562624; pgv_si=s3059603456',
)
[ info ] [ PARAM ] array (
)
[ info ] [ LOG ] INIT File
---------------------------------------------------------------
[ 2018-03-21T21:36:56+08:00 ] 127.0.0.1 GET /api/museum/2
[ info ] museum.xyz/api/museum/2 [运行时间：0.026364s][吞吐率：37.93req/s] [内存消耗：3,524.51kb] [文件加载：52]
[ info ] [ LANG ] /Applications/XAMPP/xamppfiles/htdocs/think/thinkphp/lang/zh-cn.php
[ info ] [ ROUTE ] array (
  'type' => 'module',
  'module' => 
  array (
    0 => 'api',
    1 => 'MuseumControlApi',
    2 => 'museum',
  ),
  'convert' => false,
)
[ info ] [ HEADER ] array (
  'host' => 'museum.xyz',
  'connection' => 'keep-alive',
  'upgrade-insecure-requests' => '1',
  'user-agent' => 'Mozilla/5.0 (Macintosh; Intel Mac OS X 10_13_3) AppleWebKit/537.36 (KHTML, like Gecko) Chrome/65.0.3325.162 Safari/537.36',
  'accept' => 'text/html,application/xhtml+xml,application/xml;q=0.9,image/webp,image/apng,*/*;q=0.8',
  'accept-encoding' => 'gzip, deflate',
  'accept-language' => 'zh-CN,zh;q=0.9,en-US;q=0.8,en;q=0.7',
  'cookie' => 'pgv_pvi=9729562624; pgv_si=s3059603456',
)
[ info ] [ PARAM ] array (
  'id' => '2',
)
[ info ] [ RUN ] app\api\controller\MuseumControlApi->museum[ /Applications/XAMPP/xamppfiles/htdocs/think/application/api/controller/MuseumControlApi.php ]
[ info ] [ DB ] INIT mysql
[ info ] [ LOG ] INIT File
[ sql ] [ DB ] CONNECT:[ UseTime:0.000638s ] mysql:host=127.0.0.1;dbname=museum;charset=utf8
[ sql ] [ SQL ] SHOW COLUMNS FROM `museum` [ RunTime:0.002223s ]
[ sql ] [ SQL ] SELECT * FROM `museum` WHERE  `id` = 2 LIMIT 1 [ RunTime:0.000375s ]
---------------------------------------------------------------
[ 2018-03-21T21:37:00+08:00 ] 127.0.0.1 GET /
[ info ] museum.xyz/ [运行时间：0.011125s][吞吐率：89.89req/s] [内存消耗：1,713.27kb] [文件加载：36]
[ info ] [ LANG ] /Applications/XAMPP/xamppfiles/htdocs/think/thinkphp/lang/zh-cn.php
[ info ] [ ROUTE ] array (
  'type' => 'module',
  'module' => 
  array (
    0 => '',
    1 => NULL,
    2 => NULL,
  ),
)
[ info ] [ HEADER ] array (
  'host' => 'museum.xyz',
  'connection' => 'keep-alive',
  'upgrade-insecure-requests' => '1',
  'user-agent' => 'Mozilla/5.0 (Macintosh; Intel Mac OS X 10_13_3) AppleWebKit/537.36 (KHTML, like Gecko) Chrome/65.0.3325.162 Safari/537.36',
  'accept' => 'text/html,application/xhtml+xml,application/xml;q=0.9,image/webp,image/apng,*/*;q=0.8',
  'accept-encoding' => 'gzip, deflate',
  'accept-language' => 'zh-CN,zh;q=0.9,en-US;q=0.8,en;q=0.7',
  'cookie' => 'pgv_pvi=9729562624; pgv_si=s3059603456',
)
[ info ] [ PARAM ] array (
)
[ info ] [ RUN ] app\index\controller\Index->index[ /Applications/XAMPP/xamppfiles/htdocs/think/application/index/controller/Index.php ]
[ info ] [ LOG ] INIT File
---------------------------------------------------------------
[ 2018-03-21T21:48:32+08:00 ] 127.0.0.1 GET /api/museum/search?name=%E5%8D%9A%E7%89%A9%E9%A6%86
[ info ] museum.xyz/api/museum/search?name=%E5%8D%9A%E7%89%A9%E9%A6%86 [运行时间：0.023358s][吞吐率：42.81req/s] [内存消耗：2,576.40kb] [文件加载：48]
[ info ] [ LANG ] /Applications/XAMPP/xamppfiles/htdocs/think/thinkphp/lang/zh-cn.php
[ info ] [ ROUTE ] array (
  'type' => 'module',
  'module' => 
  array (
    0 => 'api',
    1 => 'MuseumControlApi',
    2 => 'search',
  ),
  'convert' => false,
)
[ info ] [ HEADER ] array (
  'content-type' => 'application/x-www-form-urlencoded',
  'cache-control' => 'no-cache',
  'postman-token' => 'ba31a695-8086-4dcd-bb9d-09e39845164e',
  'user-agent' => 'PostmanRuntime/7.1.1',
  'accept' => '*/*',
  'host' => 'museum.xyz',
  'cookie' => 'PHPSESSID=5tindq93i250stln12gbelhd53',
  'accept-encoding' => 'gzip, deflate',
  'connection' => 'keep-alive',
)
[ info ] [ PARAM ] array (
  'name' => '博物馆',
)
[ info ] [ RUN ] app\api\controller\MuseumControlApi->search[ /Applications/XAMPP/xamppfiles/htdocs/think/application/api/controller/MuseumControlApi.php ]
[ info ] [ LOG ] INIT File
[ error ] [8]未定义数组索引: name[/Applications/XAMPP/xamppfiles/htdocs/think/application/api/controller/MuseumControlApi.php:27]
---------------------------------------------------------------
[ 2018-03-21T21:49:48+08:00 ] 127.0.0.1 GET /api/museum/search?name=%E5%8D%9A%E7%89%A9%E9%A6%86
[ info ] museum.xyz/api/museum/search?name=%E5%8D%9A%E7%89%A9%E9%A6%86 [运行时间：0.017906s][吞吐率：55.85req/s] [内存消耗：2,576.28kb] [文件加载：48]
[ info ] [ LANG ] /Applications/XAMPP/xamppfiles/htdocs/think/thinkphp/lang/zh-cn.php
[ info ] [ ROUTE ] array (
  'type' => 'module',
  'module' => 
  array (
    0 => 'api',
    1 => 'MuseumControlApi',
    2 => 'search',
  ),
  'convert' => false,
)
[ info ] [ HEADER ] array (
  'content-type' => 'application/x-www-form-urlencoded',
  'cache-control' => 'no-cache',
  'postman-token' => '7b20c5ee-5252-4739-9418-95607369db80',
  'user-agent' => 'PostmanRuntime/7.1.1',
  'accept' => '*/*',
  'host' => 'museum.xyz',
  'cookie' => 'PHPSESSID=5tindq93i250stln12gbelhd53',
  'accept-encoding' => 'gzip, deflate',
  'connection' => 'keep-alive',
)
[ info ] [ PARAM ] array (
  'name' => '博物馆',
)
[ info ] [ RUN ] app\api\controller\MuseumControlApi->search[ /Applications/XAMPP/xamppfiles/htdocs/think/application/api/controller/MuseumControlApi.php ]
[ info ] [ LOG ] INIT File
[ error ] [8]未定义数组索引: name[/Applications/XAMPP/xamppfiles/htdocs/think/application/api/controller/MuseumControlApi.php:27]
---------------------------------------------------------------
[ 2018-03-21T21:50:46+08:00 ] 127.0.0.1 GET /api/museum/search?name=%E5%8D%9A%E7%89%A9%E9%A6%86
[ info ] museum.xyz/api/museum/search?name=%E5%8D%9A%E7%89%A9%E9%A6%86 [运行时间：0.017948s][吞吐率：55.72req/s] [内存消耗：2,576.25kb] [文件加载：48]
[ info ] [ LANG ] /Applications/XAMPP/xamppfiles/htdocs/think/thinkphp/lang/zh-cn.php
[ info ] [ ROUTE ] array (
  'type' => 'module',
  'module' => 
  array (
    0 => 'api',
    1 => 'MuseumControlApi',
    2 => 'search',
  ),
  'convert' => false,
)
[ info ] [ HEADER ] array (
  'content-type' => 'application/x-www-form-urlencoded',
  'cache-control' => 'no-cache',
  'postman-token' => 'c4f22d51-6522-40a3-914f-0e9de704c50e',
  'user-agent' => 'PostmanRuntime/7.1.1',
  'accept' => '*/*',
  'host' => 'museum.xyz',
  'cookie' => 'PHPSESSID=5tindq93i250stln12gbelhd53',
  'accept-encoding' => 'gzip, deflate',
  'connection' => 'keep-alive',
)
[ info ] [ PARAM ] array (
  'name' => '博物馆',
)
[ info ] [ RUN ] app\api\controller\MuseumControlApi->search[ /Applications/XAMPP/xamppfiles/htdocs/think/application/api/controller/MuseumControlApi.php ]
[ info ] [ LOG ] INIT File
[ error ] [8]未定义数组索引: name[/Applications/XAMPP/xamppfiles/htdocs/think/application/api/controller/MuseumControlApi.php:27]
---------------------------------------------------------------
[ 2018-03-21T21:53:30+08:00 ] 127.0.0.1 GET /api/museum/search?name=%E5%8D%9A%E7%89%A9%E9%A6%86
[ info ] museum.xyz/api/museum/search?name=%E5%8D%9A%E7%89%A9%E9%A6%86 [运行时间：0.029547s][吞吐率：33.84req/s] [内存消耗：3,528.98kb] [文件加载：52]
[ info ] [ LANG ] /Applications/XAMPP/xamppfiles/htdocs/think/thinkphp/lang/zh-cn.php
[ info ] [ ROUTE ] array (
  'type' => 'module',
  'module' => 
  array (
    0 => 'api',
    1 => 'MuseumControlApi',
    2 => 'search',
  ),
  'convert' => false,
)
[ info ] [ HEADER ] array (
  'content-type' => 'application/x-www-form-urlencoded',
  'cache-control' => 'no-cache',
  'postman-token' => 'fa2b4c98-714d-474a-ae39-2a6666c04726',
  'user-agent' => 'PostmanRuntime/7.1.1',
  'accept' => '*/*',
  'host' => 'museum.xyz',
  'cookie' => 'PHPSESSID=5tindq93i250stln12gbelhd53',
  'accept-encoding' => 'gzip, deflate',
  'connection' => 'keep-alive',
)
[ info ] [ PARAM ] array (
  'name' => '博物馆',
)
[ info ] [ RUN ] app\api\controller\MuseumControlApi->search[ /Applications/XAMPP/xamppfiles/htdocs/think/application/api/controller/MuseumControlApi.php ]
[ info ] [ DB ] INIT mysql
[ info ] [ LOG ] INIT File
[ sql ] [ DB ] CONNECT:[ UseTime:0.000546s ] mysql:host=127.0.0.1;dbname=museum;charset=utf8
[ sql ] [ SQL ] SHOW COLUMNS FROM `museum` [ RunTime:0.002518s ]
[ sql ] [ SQL ] SELECT * FROM `museum` WHERE  `name` LIKE '%博物馆%' LIMIT 1 [ RunTime:0.000448s ]
---------------------------------------------------------------
[ 2018-03-21T21:54:06+08:00 ] 127.0.0.1 GET /api/museum/search?name=%E5%8D%9A%E7%89%A9%E9%A6%86
[ info ] museum.xyz/api/museum/search?name=%E5%8D%9A%E7%89%A9%E9%A6%86 [运行时间：0.024541s][吞吐率：40.75req/s] [内存消耗：3,515.14kb] [文件加载：54]
[ info ] [ LANG ] /Applications/XAMPP/xamppfiles/htdocs/think/thinkphp/lang/zh-cn.php
[ info ] [ ROUTE ] array (
  'type' => 'module',
  'module' => 
  array (
    0 => 'api',
    1 => 'MuseumControlApi',
    2 => 'search',
  ),
  'convert' => false,
)
[ info ] [ HEADER ] array (
  'content-type' => 'application/x-www-form-urlencoded',
  'cache-control' => 'no-cache',
  'postman-token' => 'bb954517-cc1d-44eb-9f98-55efdb655a35',
  'user-agent' => 'PostmanRuntime/7.1.1',
  'accept' => '*/*',
  'host' => 'museum.xyz',
  'cookie' => 'PHPSESSID=5tindq93i250stln12gbelhd53',
  'accept-encoding' => 'gzip, deflate',
  'connection' => 'keep-alive',
)
[ info ] [ PARAM ] array (
  'name' => '博物馆',
)
[ info ] [ RUN ] app\api\controller\MuseumControlApi->search[ /Applications/XAMPP/xamppfiles/htdocs/think/application/api/controller/MuseumControlApi.php ]
[ info ] [ DB ] INIT mysql
[ info ] [ LOG ] INIT File
[ error ] [2006]SQLSTATE[HY000] [2006] MySQL server has gone away[/Applications/XAMPP/xamppfiles/htdocs/think/thinkphp/library/think/db/Connection.php:293]
---------------------------------------------------------------
[ 2018-03-21T21:54:15+08:00 ] 127.0.0.1 GET /api/museum/search?name=%E5%8D%9A%E7%89%A9%E9%A6%86
[ info ] museum.xyz/api/museum/search?name=%E5%8D%9A%E7%89%A9%E9%A6%86 [运行时间：0.024964s][吞吐率：40.06req/s] [内存消耗：3,515.14kb] [文件加载：54]
[ info ] [ LANG ] /Applications/XAMPP/xamppfiles/htdocs/think/thinkphp/lang/zh-cn.php
[ info ] [ ROUTE ] array (
  'type' => 'module',
  'module' => 
  array (
    0 => 'api',
    1 => 'MuseumControlApi',
    2 => 'search',
  ),
  'convert' => false,
)
[ info ] [ HEADER ] array (
  'content-type' => 'application/x-www-form-urlencoded',
  'cache-control' => 'no-cache',
  'postman-token' => '0a4b48f2-7726-4950-ad19-f2ee7495d6e5',
  'user-agent' => 'PostmanRuntime/7.1.1',
  'accept' => '*/*',
  'host' => 'museum.xyz',
  'cookie' => 'PHPSESSID=5tindq93i250stln12gbelhd53',
  'accept-encoding' => 'gzip, deflate',
  'connection' => 'keep-alive',
)
[ info ] [ PARAM ] array (
  'name' => '博物馆',
)
[ info ] [ RUN ] app\api\controller\MuseumControlApi->search[ /Applications/XAMPP/xamppfiles/htdocs/think/application/api/controller/MuseumControlApi.php ]
[ info ] [ DB ] INIT mysql
[ info ] [ LOG ] INIT File
[ error ] [2006]SQLSTATE[HY000] [2006] MySQL server has gone away[/Applications/XAMPP/xamppfiles/htdocs/think/thinkphp/library/think/db/Connection.php:293]
---------------------------------------------------------------
[ 2018-03-21T21:54:20+08:00 ] 127.0.0.1 GET /api/museum/search?name=%E5%8D%9A%E7%89%A9%E9%A6%86
[ info ] museum.xyz/api/museum/search?name=%E5%8D%9A%E7%89%A9%E9%A6%86 [运行时间：0.027720s][吞吐率：36.08req/s] [内存消耗：3,515.22kb] [文件加载：54]
[ info ] [ LANG ] /Applications/XAMPP/xamppfiles/htdocs/think/thinkphp/lang/zh-cn.php
[ info ] [ ROUTE ] array (
  'type' => 'module',
  'module' => 
  array (
    0 => 'api',
    1 => 'MuseumControlApi',
    2 => 'search',
  ),
  'convert' => false,
)
[ info ] [ HEADER ] array (
  'host' => 'museum.xyz',
  'connection' => 'keep-alive',
  'upgrade-insecure-requests' => '1',
  'user-agent' => 'Mozilla/5.0 (Macintosh; Intel Mac OS X 10_13_3) AppleWebKit/537.36 (KHTML, like Gecko) Chrome/65.0.3325.162 Safari/537.36',
  'accept' => 'text/html,application/xhtml+xml,application/xml;q=0.9,image/webp,image/apng,*/*;q=0.8',
  'accept-encoding' => 'gzip, deflate',
  'accept-language' => 'zh-CN,zh;q=0.9,en-US;q=0.8,en;q=0.7',
  'cookie' => 'pgv_pvi=9729562624; pgv_si=s3059603456',
)
[ info ] [ PARAM ] array (
  'name' => '博物馆',
)
[ info ] [ RUN ] app\api\controller\MuseumControlApi->search[ /Applications/XAMPP/xamppfiles/htdocs/think/application/api/controller/MuseumControlApi.php ]
[ info ] [ DB ] INIT mysql
[ info ] [ LOG ] INIT File
[ error ] [2006]SQLSTATE[HY000] [2006] MySQL server has gone away[/Applications/XAMPP/xamppfiles/htdocs/think/thinkphp/library/think/db/Connection.php:293]
---------------------------------------------------------------
[ 2018-03-21T21:54:39+08:00 ] 127.0.0.1 GET /api/museum/search?name=%E5%8D%9A%E7%89%A9%E9%A6%86
[ info ] museum.xyz/api/museum/search?name=%E5%8D%9A%E7%89%A9%E9%A6%86 [运行时间：0.025965s][吞吐率：38.51req/s] [内存消耗：3,529.63kb] [文件加载：52]
[ info ] [ LANG ] /Applications/XAMPP/xamppfiles/htdocs/think/thinkphp/lang/zh-cn.php
[ info ] [ ROUTE ] array (
  'type' => 'module',
  'module' => 
  array (
    0 => 'api',
    1 => 'MuseumControlApi',
    2 => 'search',
  ),
  'convert' => false,
)
[ info ] [ HEADER ] array (
  'host' => 'museum.xyz',
  'connection' => 'keep-alive',
  'cache-control' => 'max-age=0',
  'upgrade-insecure-requests' => '1',
  'user-agent' => 'Mozilla/5.0 (Macintosh; Intel Mac OS X 10_13_3) AppleWebKit/537.36 (KHTML, like Gecko) Chrome/65.0.3325.162 Safari/537.36',
  'accept' => 'text/html,application/xhtml+xml,application/xml;q=0.9,image/webp,image/apng,*/*;q=0.8',
  'accept-encoding' => 'gzip, deflate',
  'accept-language' => 'zh-CN,zh;q=0.9,en-US;q=0.8,en;q=0.7',
  'cookie' => 'pgv_pvi=9729562624; pgv_si=s3059603456',
)
[ info ] [ PARAM ] array (
  'name' => '博物馆',
)
[ info ] [ RUN ] app\api\controller\MuseumControlApi->search[ /Applications/XAMPP/xamppfiles/htdocs/think/application/api/controller/MuseumControlApi.php ]
[ info ] [ DB ] INIT mysql
[ info ] [ LOG ] INIT File
[ sql ] [ DB ] CONNECT:[ UseTime:0.000644s ] mysql:host=127.0.0.1;dbname=museum;charset=utf8
[ sql ] [ SQL ] SHOW COLUMNS FROM `museum` [ RunTime:0.003889s ]
[ sql ] [ SQL ] SELECT * FROM `museum` WHERE  `name` LIKE '%博物馆%' [ RunTime:0.000493s ]
---------------------------------------------------------------
[ 2018-03-21T21:54:42+08:00 ] 127.0.0.1 GET /api/museum/search?name=%E5%8D%9A%E7%89%A9%E9%A6%86
[ info ] museum.xyz/api/museum/search?name=%E5%8D%9A%E7%89%A9%E9%A6%86 [运行时间：0.025261s][吞吐率：39.59req/s] [内存消耗：3,529.81kb] [文件加载：52]
[ info ] [ LANG ] /Applications/XAMPP/xamppfiles/htdocs/think/thinkphp/lang/zh-cn.php
[ info ] [ ROUTE ] array (
  'type' => 'module',
  'module' => 
  array (
    0 => 'api',
    1 => 'MuseumControlApi',
    2 => 'search',
  ),
  'convert' => false,
)
[ info ] [ HEADER ] array (
  'host' => 'museum.xyz',
  'connection' => 'keep-alive',
  'cache-control' => 'max-age=0',
  'upgrade-insecure-requests' => '1',
  'user-agent' => 'Mozilla/5.0 (Macintosh; Intel Mac OS X 10_13_3) AppleWebKit/537.36 (KHTML, like Gecko) Chrome/65.0.3325.162 Safari/537.36',
  'accept' => 'text/html,application/xhtml+xml,application/xml;q=0.9,image/webp,image/apng,*/*;q=0.8',
  'accept-encoding' => 'gzip, deflate',
  'accept-language' => 'zh-CN,zh;q=0.9,en-US;q=0.8,en;q=0.7',
  'cookie' => 'pgv_pvi=9729562624; pgv_si=s3059603456',
)
[ info ] [ PARAM ] array (
  'name' => '博物馆',
)
[ info ] [ RUN ] app\api\controller\MuseumControlApi->search[ /Applications/XAMPP/xamppfiles/htdocs/think/application/api/controller/MuseumControlApi.php ]
[ info ] [ DB ] INIT mysql
[ info ] [ LOG ] INIT File
[ sql ] [ DB ] CONNECT:[ UseTime:0.000637s ] mysql:host=127.0.0.1;dbname=museum;charset=utf8
[ sql ] [ SQL ] SHOW COLUMNS FROM `museum` [ RunTime:0.002159s ]
[ sql ] [ SQL ] SELECT * FROM `museum` WHERE  `name` LIKE '%博物馆%' [ RunTime:0.000916s ]
---------------------------------------------------------------
[ 2018-03-21T21:54:50+08:00 ] 127.0.0.1 GET /api/museum/search?name=%E5%8D%9A%E7%89%A9%E9%A6%86
[ info ] museum.xyz/api/museum/search?name=%E5%8D%9A%E7%89%A9%E9%A6%86 [运行时间：0.028222s][吞吐率：35.43req/s] [内存消耗：3,529.29kb] [文件加载：52]
[ info ] [ LANG ] /Applications/XAMPP/xamppfiles/htdocs/think/thinkphp/lang/zh-cn.php
[ info ] [ ROUTE ] array (
  'type' => 'module',
  'module' => 
  array (
    0 => 'api',
    1 => 'MuseumControlApi',
    2 => 'search',
  ),
  'convert' => false,
)
[ info ] [ HEADER ] array (
  'content-type' => 'application/x-www-form-urlencoded',
  'cache-control' => 'no-cache',
  'postman-token' => '322d563c-8261-41c1-a858-dadf336eec8a',
  'user-agent' => 'PostmanRuntime/7.1.1',
  'accept' => '*/*',
  'host' => 'museum.xyz',
  'cookie' => 'PHPSESSID=5tindq93i250stln12gbelhd53',
  'accept-encoding' => 'gzip, deflate',
  'connection' => 'keep-alive',
)
[ info ] [ PARAM ] array (
  'name' => '博物馆',
)
[ info ] [ RUN ] app\api\controller\MuseumControlApi->search[ /Applications/XAMPP/xamppfiles/htdocs/think/application/api/controller/MuseumControlApi.php ]
[ info ] [ DB ] INIT mysql
[ info ] [ LOG ] INIT File
[ sql ] [ DB ] CONNECT:[ UseTime:0.000669s ] mysql:host=127.0.0.1;dbname=museum;charset=utf8
[ sql ] [ SQL ] SHOW COLUMNS FROM `museum` [ RunTime:0.004572s ]
[ sql ] [ SQL ] SELECT * FROM `museum` WHERE  `name` LIKE '%博物馆%' [ RunTime:0.000459s ]
---------------------------------------------------------------
[ 2018-03-21T22:12:24+08:00 ] 127.0.0.1 GET /
[ info ] museum.xyz/ [运行时间：0.014086s][吞吐率：70.99req/s] [内存消耗：1,715.79kb] [文件加载：36]
[ info ] [ LANG ] /Applications/XAMPP/xamppfiles/htdocs/think/thinkphp/lang/zh-cn.php
[ info ] [ ROUTE ] array (
  'type' => 'module',
  'module' => 
  array (
    0 => '',
    1 => NULL,
    2 => NULL,
  ),
)
[ info ] [ HEADER ] array (
  'host' => 'museum.xyz',
  'connection' => 'keep-alive',
  'cache-control' => 'max-age=0',
  'upgrade-insecure-requests' => '1',
  'user-agent' => 'Mozilla/5.0 (Macintosh; Intel Mac OS X 10_13_3) AppleWebKit/537.36 (KHTML, like Gecko) Chrome/65.0.3325.162 Safari/537.36',
  'accept' => 'text/html,application/xhtml+xml,application/xml;q=0.9,image/webp,image/apng,*/*;q=0.8',
  'accept-encoding' => 'gzip, deflate',
  'accept-language' => 'zh-CN,zh;q=0.9,en-US;q=0.8,en;q=0.7',
  'cookie' => 'pgv_pvi=9729562624; pgv_si=s3059603456',
)
[ info ] [ PARAM ] array (
)
[ info ] [ RUN ] app\index\controller\Index->index[ /Applications/XAMPP/xamppfiles/htdocs/think/application/index/controller/Index.php ]
[ info ] [ LOG ] INIT File
---------------------------------------------------------------
[ 2018-03-21T22:12:32+08:00 ] 127.0.0.1 GET /api/museum/2
[ info ] museum.xyz/api/museum/2 [运行时间：0.027339s][吞吐率：36.58req/s] [内存消耗：3,529.45kb] [文件加载：52]
[ info ] [ LANG ] /Applications/XAMPP/xamppfiles/htdocs/think/thinkphp/lang/zh-cn.php
[ info ] [ ROUTE ] array (
  'type' => 'module',
  'module' => 
  array (
    0 => 'api',
    1 => 'MuseumControlApi',
    2 => 'museum',
  ),
  'convert' => false,
)
[ info ] [ HEADER ] array (
  'host' => 'museum.xyz',
  'connection' => 'keep-alive',
  'upgrade-insecure-requests' => '1',
  'user-agent' => 'Mozilla/5.0 (Macintosh; Intel Mac OS X 10_13_3) AppleWebKit/537.36 (KHTML, like Gecko) Chrome/65.0.3325.162 Safari/537.36',
  'accept' => 'text/html,application/xhtml+xml,application/xml;q=0.9,image/webp,image/apng,*/*;q=0.8',
  'accept-encoding' => 'gzip, deflate',
  'accept-language' => 'zh-CN,zh;q=0.9,en-US;q=0.8,en;q=0.7',
  'cookie' => 'pgv_pvi=9729562624; pgv_si=s3059603456',
)
[ info ] [ PARAM ] array (
  'id' => '2',
)
[ info ] [ RUN ] app\api\controller\MuseumControlApi->museum[ /Applications/XAMPP/xamppfiles/htdocs/think/application/api/controller/MuseumControlApi.php ]
[ info ] [ DB ] INIT mysql
[ info ] [ LOG ] INIT File
[ sql ] [ DB ] CONNECT:[ UseTime:0.000687s ] mysql:host=127.0.0.1;dbname=museum;charset=utf8
[ sql ] [ SQL ] SHOW COLUMNS FROM `museum` [ RunTime:0.002992s ]
[ sql ] [ SQL ] SELECT * FROM `museum` WHERE  `id` = 2 LIMIT 1 [ RunTime:0.000470s ]
---------------------------------------------------------------
[ 2018-03-21T22:12:37+08:00 ] 127.0.0.1 GET /api/museum/search?name=%E5%8D%9A%E7%89%A9%E9%A6%86
[ info ] museum.xyz/api/museum/search?name=%E5%8D%9A%E7%89%A9%E9%A6%86 [运行时间：0.022629s][吞吐率：44.19req/s] [内存消耗：3,515.22kb] [文件加载：54]
[ info ] [ LANG ] /Applications/XAMPP/xamppfiles/htdocs/think/thinkphp/lang/zh-cn.php
[ info ] [ ROUTE ] array (
  'type' => 'module',
  'module' => 
  array (
    0 => 'api',
    1 => 'MuseumControlApi',
    2 => 'search',
  ),
  'convert' => false,
)
[ info ] [ HEADER ] array (
  'host' => 'museum.xyz',
  'connection' => 'keep-alive',
  'upgrade-insecure-requests' => '1',
  'user-agent' => 'Mozilla/5.0 (Macintosh; Intel Mac OS X 10_13_3) AppleWebKit/537.36 (KHTML, like Gecko) Chrome/65.0.3325.162 Safari/537.36',
  'accept' => 'text/html,application/xhtml+xml,application/xml;q=0.9,image/webp,image/apng,*/*;q=0.8',
  'accept-encoding' => 'gzip, deflate',
  'accept-language' => 'zh-CN,zh;q=0.9,en-US;q=0.8,en;q=0.7',
  'cookie' => 'pgv_pvi=9729562624; pgv_si=s3059603456',
)
[ info ] [ PARAM ] array (
  'name' => '博物馆',
)
[ info ] [ RUN ] app\api\controller\MuseumControlApi->search[ /Applications/XAMPP/xamppfiles/htdocs/think/application/api/controller/MuseumControlApi.php ]
[ info ] [ DB ] INIT mysql
[ info ] [ LOG ] INIT File
[ error ] [2006]SQLSTATE[HY000] [2006] MySQL server has gone away[/Applications/XAMPP/xamppfiles/htdocs/think/thinkphp/library/think/db/Connection.php:293]
---------------------------------------------------------------
[ 2018-03-21T22:12:39+08:00 ] 127.0.0.1 GET /api/museum/search?name=%E5%8D%9A%E7%89%A9%E9%A6%86
[ info ] museum.xyz/api/museum/search?name=%E5%8D%9A%E7%89%A9%E9%A6%86 [运行时间：0.026104s][吞吐率：38.31req/s] [内存消耗：3,515.24kb] [文件加载：54]
[ info ] [ LANG ] /Applications/XAMPP/xamppfiles/htdocs/think/thinkphp/lang/zh-cn.php
[ info ] [ ROUTE ] array (
  'type' => 'module',
  'module' => 
  array (
    0 => 'api',
    1 => 'MuseumControlApi',
    2 => 'search',
  ),
  'convert' => false,
)
[ info ] [ HEADER ] array (
  'host' => 'museum.xyz',
  'connection' => 'keep-alive',
  'cache-control' => 'max-age=0',
  'upgrade-insecure-requests' => '1',
  'user-agent' => 'Mozilla/5.0 (Macintosh; Intel Mac OS X 10_13_3) AppleWebKit/537.36 (KHTML, like Gecko) Chrome/65.0.3325.162 Safari/537.36',
  'accept' => 'text/html,application/xhtml+xml,application/xml;q=0.9,image/webp,image/apng,*/*;q=0.8',
  'accept-encoding' => 'gzip, deflate',
  'accept-language' => 'zh-CN,zh;q=0.9,en-US;q=0.8,en;q=0.7',
  'cookie' => 'pgv_pvi=9729562624; pgv_si=s3059603456',
)
[ info ] [ PARAM ] array (
  'name' => '博物馆',
)
[ info ] [ RUN ] app\api\controller\MuseumControlApi->search[ /Applications/XAMPP/xamppfiles/htdocs/think/application/api/controller/MuseumControlApi.php ]
[ info ] [ DB ] INIT mysql
[ info ] [ LOG ] INIT File
[ error ] [2006]SQLSTATE[HY000] [2006] MySQL server has gone away[/Applications/XAMPP/xamppfiles/htdocs/think/thinkphp/library/think/db/Connection.php:293]
---------------------------------------------------------------
[ 2018-03-21T22:12:43+08:00 ] 127.0.0.1 GET /api/museum/search?name=%E5%8D%9A%E7%89%A9%E9%A6%86
[ info ] museum.xyz/api/museum/search?name=%E5%8D%9A%E7%89%A9%E9%A6%86 [运行时间：0.027829s][吞吐率：35.93req/s] [内存消耗：3,529.63kb] [文件加载：52]
[ info ] [ LANG ] /Applications/XAMPP/xamppfiles/htdocs/think/thinkphp/lang/zh-cn.php
[ info ] [ ROUTE ] array (
  'type' => 'module',
  'module' => 
  array (
    0 => 'api',
    1 => 'MuseumControlApi',
    2 => 'search',
  ),
  'convert' => false,
)
[ info ] [ HEADER ] array (
  'host' => 'museum.xyz',
  'connection' => 'keep-alive',
  'cache-control' => 'max-age=0',
  'upgrade-insecure-requests' => '1',
  'user-agent' => 'Mozilla/5.0 (Macintosh; Intel Mac OS X 10_13_3) AppleWebKit/537.36 (KHTML, like Gecko) Chrome/65.0.3325.162 Safari/537.36',
  'accept' => 'text/html,application/xhtml+xml,application/xml;q=0.9,image/webp,image/apng,*/*;q=0.8',
  'accept-encoding' => 'gzip, deflate',
  'accept-language' => 'zh-CN,zh;q=0.9,en-US;q=0.8,en;q=0.7',
  'cookie' => 'pgv_pvi=9729562624; pgv_si=s3059603456',
)
[ info ] [ PARAM ] array (
  'name' => '博物馆',
)
[ info ] [ RUN ] app\api\controller\MuseumControlApi->search[ /Applications/XAMPP/xamppfiles/htdocs/think/application/api/controller/MuseumControlApi.php ]
[ info ] [ DB ] INIT mysql
[ info ] [ LOG ] INIT File
[ sql ] [ DB ] CONNECT:[ UseTime:0.000681s ] mysql:host=127.0.0.1;dbname=museum;charset=utf8
[ sql ] [ SQL ] SHOW COLUMNS FROM `museum` [ RunTime:0.004204s ]
[ sql ] [ SQL ] SELECT * FROM `museum` WHERE  `name` LIKE '%博物馆%' [ RunTime:0.000471s ]
---------------------------------------------------------------
[ 2018-03-21T22:12:50+08:00 ] 127.0.0.1 GET /api/museum/search?name=%E5%8D%9A%E7%89%A9%E9%A6%86
[ info ] museum.xyz/api/museum/search?name=%E5%8D%9A%E7%89%A9%E9%A6%86 [运行时间：0.026011s][吞吐率：38.45req/s] [内存消耗：3,529.63kb] [文件加载：52]
[ info ] [ LANG ] /Applications/XAMPP/xamppfiles/htdocs/think/thinkphp/lang/zh-cn.php
[ info ] [ ROUTE ] array (
  'type' => 'module',
  'module' => 
  array (
    0 => 'api',
    1 => 'MuseumControlApi',
    2 => 'search',
  ),
  'convert' => false,
)
[ info ] [ HEADER ] array (
  'host' => 'museum.xyz',
  'connection' => 'keep-alive',
  'cache-control' => 'max-age=0',
  'upgrade-insecure-requests' => '1',
  'user-agent' => 'Mozilla/5.0 (Macintosh; Intel Mac OS X 10_13_3) AppleWebKit/537.36 (KHTML, like Gecko) Chrome/65.0.3325.162 Safari/537.36',
  'accept' => 'text/html,application/xhtml+xml,application/xml;q=0.9,image/webp,image/apng,*/*;q=0.8',
  'accept-encoding' => 'gzip, deflate',
  'accept-language' => 'zh-CN,zh;q=0.9,en-US;q=0.8,en;q=0.7',
  'cookie' => 'pgv_pvi=9729562624; pgv_si=s3059603456',
)
[ info ] [ PARAM ] array (
  'name' => '博物馆',
)
[ info ] [ RUN ] app\api\controller\MuseumControlApi->search[ /Applications/XAMPP/xamppfiles/htdocs/think/application/api/controller/MuseumControlApi.php ]
[ info ] [ DB ] INIT mysql
[ info ] [ LOG ] INIT File
[ sql ] [ DB ] CONNECT:[ UseTime:0.000752s ] mysql:host=127.0.0.1;dbname=museum;charset=utf8
[ sql ] [ SQL ] SHOW COLUMNS FROM `museum` [ RunTime:0.003943s ]
[ sql ] [ SQL ] SELECT * FROM `museum` WHERE  `name` LIKE '%博物馆%' [ RunTime:0.000426s ]
---------------------------------------------------------------
[ 2018-03-21T22:12:52+08:00 ] 127.0.0.1 GET /api/museum/search?name=%E5%8D%9A%E7%89%A9%E9%A6%86
[ info ] museum.xyz/api/museum/search?name=%E5%8D%9A%E7%89%A9%E9%A6%86 [运行时间：0.026423s][吞吐率：37.85req/s] [内存消耗：3,529.80kb] [文件加载：52]
[ info ] [ LANG ] /Applications/XAMPP/xamppfiles/htdocs/think/thinkphp/lang/zh-cn.php
[ info ] [ ROUTE ] array (
  'type' => 'module',
  'module' => 
  array (
    0 => 'api',
    1 => 'MuseumControlApi',
    2 => 'search',
  ),
  'convert' => false,
)
[ info ] [ HEADER ] array (
  'host' => 'museum.xyz',
  'connection' => 'keep-alive',
  'cache-control' => 'max-age=0',
  'upgrade-insecure-requests' => '1',
  'user-agent' => 'Mozilla/5.0 (Macintosh; Intel Mac OS X 10_13_3) AppleWebKit/537.36 (KHTML, like Gecko) Chrome/65.0.3325.162 Safari/537.36',
  'accept' => 'text/html,application/xhtml+xml,application/xml;q=0.9,image/webp,image/apng,*/*;q=0.8',
  'accept-encoding' => 'gzip, deflate',
  'accept-language' => 'zh-CN,zh;q=0.9,en-US;q=0.8,en;q=0.7',
  'cookie' => 'pgv_pvi=9729562624; pgv_si=s3059603456',
)
[ info ] [ PARAM ] array (
  'name' => '博物馆',
)
[ info ] [ RUN ] app\api\controller\MuseumControlApi->search[ /Applications/XAMPP/xamppfiles/htdocs/think/application/api/controller/MuseumControlApi.php ]
[ info ] [ DB ] INIT mysql
[ info ] [ LOG ] INIT File
[ sql ] [ DB ] CONNECT:[ UseTime:0.000588s ] mysql:host=127.0.0.1;dbname=museum;charset=utf8
[ sql ] [ SQL ] SHOW COLUMNS FROM `museum` [ RunTime:0.004222s ]
[ sql ] [ SQL ] SELECT * FROM `museum` WHERE  `name` LIKE '%博物馆%' [ RunTime:0.000500s ]
---------------------------------------------------------------
[ 2018-03-21T23:48:09+08:00 ] 127.0.0.1 GET /api/museum/search?name=%E5%8D%9A%E7%89%A9%E9%A6%86
[ info ] museum.xyz/api/museum/search?name=%E5%8D%9A%E7%89%A9%E9%A6%86 [运行时间：0.027845s][吞吐率：35.91req/s] [内存消耗：3,529.63kb] [文件加载：52]
[ info ] [ LANG ] /Applications/XAMPP/xamppfiles/htdocs/think/thinkphp/lang/zh-cn.php
[ info ] [ ROUTE ] array (
  'type' => 'module',
  'module' => 
  array (
    0 => 'api',
    1 => 'MuseumControlApi',
    2 => 'search',
  ),
  'convert' => false,
)
[ info ] [ HEADER ] array (
  'host' => 'museum.xyz',
  'connection' => 'keep-alive',
  'cache-control' => 'max-age=0',
  'upgrade-insecure-requests' => '1',
  'user-agent' => 'Mozilla/5.0 (Macintosh; Intel Mac OS X 10_13_3) AppleWebKit/537.36 (KHTML, like Gecko) Chrome/65.0.3325.162 Safari/537.36',
  'accept' => 'text/html,application/xhtml+xml,application/xml;q=0.9,image/webp,image/apng,*/*;q=0.8',
  'accept-encoding' => 'gzip, deflate',
  'accept-language' => 'zh-CN,zh;q=0.9,en-US;q=0.8,en;q=0.7',
  'cookie' => 'pgv_pvi=9729562624; pgv_si=s3059603456',
)
[ info ] [ PARAM ] array (
  'name' => '博物馆',
)
[ info ] [ RUN ] app\api\controller\MuseumControlApi->search[ /Applications/XAMPP/xamppfiles/htdocs/think/application/api/controller/MuseumControlApi.php ]
[ info ] [ DB ] INIT mysql
[ info ] [ LOG ] INIT File
[ sql ] [ DB ] CONNECT:[ UseTime:0.000702s ] mysql:host=127.0.0.1;dbname=museum;charset=utf8
[ sql ] [ SQL ] SHOW COLUMNS FROM `museum` [ RunTime:0.004163s ]
[ sql ] [ SQL ] SELECT * FROM `museum` WHERE  `name` LIKE '%博物馆%' [ RunTime:0.000516s ]
