---------------------------------------------------------------
[ 2018-03-26T23:31:27+08:00 ] 127.0.0.1 GET /
[ info ] museum.xyz/ [运行时间：0.038990s][吞吐率：25.65req/s] [内存消耗：1,722.16kb] [文件加载：36]
[ info ] [ LANG ] /Applications/XAMPP/xamppfiles/htdocs/think/thinkphp/lang/zh-cn.php
[ info ] [ ROUTE ] array (
  'type' => 'module',
  'module' => 
  array (
    0 => '',
    1 => NULL,
    2 => NULL,
  ),
)
[ info ] [ HEADER ] array (
  'host' => 'museum.xyz',
  'connection' => 'keep-alive',
  'upgrade-insecure-requests' => '1',
  'user-agent' => 'Mozilla/5.0 (Macintosh; Intel Mac OS X 10_13_3) AppleWebKit/537.36 (KHTML, like Gecko) Chrome/65.0.3325.181 Safari/537.36',
  'accept' => 'text/html,application/xhtml+xml,application/xml;q=0.9,image/webp,image/apng,*/*;q=0.8',
  'accept-encoding' => 'gzip, deflate',
  'accept-language' => 'zh-CN,zh;q=0.9,en-US;q=0.8,en;q=0.7',
  'cookie' => 'pgv_pvi=9729562624; _ga=GA1.2.1860628366.1522078189; _gid=GA1.2.81685163.1522078189; _gat=1; _undeveloped_session=RHNJTkI2ak1ENkp4ZVN5czNGaEI2cVA3aWkySC9sVXhIQjFNK21ybVpHejZYYkk3eDRjenBGZ3FmaXVlditGU3BiZTFoUXREWUF0N213NzUxUVZ1MEVjZXZQOE9qOTQ5aDdKTUo2R1pSRnBTY3pjaitHdGNQbGNJaTJXME1Mc283eVJwNGY5RWhKM0tLQnh1MkhjYXF3dEN3NUNobGUxVEVlak03VDZ6VVg0PS0tcnlYc3RSalVOK0cyVjl2dElvVnRCQT09--46b235414cd67b0abd5677885870bfb4ad243b69',
)
[ info ] [ PARAM ] array (
)
[ info ] [ RUN ] app\index\controller\Index->index[ /Applications/XAMPP/xamppfiles/htdocs/think/application/index/controller/Index.php ]
[ info ] [ LOG ] INIT File
---------------------------------------------------------------
[ 2018-03-26T23:31:31+08:00 ] 127.0.0.1 GET /api/news/search
[ info ] museum.xyz/api/news/search [运行时间：0.028719s][吞吐率：34.82req/s] [内存消耗：2,581.39kb] [文件加载：48]
[ info ] [ LANG ] /Applications/XAMPP/xamppfiles/htdocs/think/thinkphp/lang/zh-cn.php
[ info ] [ ROUTE ] array (
  'type' => 'module',
  'module' => 
  array (
    0 => 'api',
    1 => 'NewsControlApi',
    2 => 'search',
  ),
  'convert' => false,
)
[ info ] [ HEADER ] array (
  'host' => 'museum.xyz',
  'connection' => 'keep-alive',
  'upgrade-insecure-requests' => '1',
  'user-agent' => 'Mozilla/5.0 (Macintosh; Intel Mac OS X 10_13_3) AppleWebKit/537.36 (KHTML, like Gecko) Chrome/65.0.3325.181 Safari/537.36',
  'accept' => 'text/html,application/xhtml+xml,application/xml;q=0.9,image/webp,image/apng,*/*;q=0.8',
  'accept-encoding' => 'gzip, deflate',
  'accept-language' => 'zh-CN,zh;q=0.9,en-US;q=0.8,en;q=0.7',
  'cookie' => 'pgv_pvi=9729562624; _ga=GA1.2.1860628366.1522078189; _gid=GA1.2.81685163.1522078189; _gat=1; _undeveloped_session=RHNJTkI2ak1ENkp4ZVN5czNGaEI2cVA3aWkySC9sVXhIQjFNK21ybVpHejZYYkk3eDRjenBGZ3FmaXVlditGU3BiZTFoUXREWUF0N213NzUxUVZ1MEVjZXZQOE9qOTQ5aDdKTUo2R1pSRnBTY3pjaitHdGNQbGNJaTJXME1Mc283eVJwNGY5RWhKM0tLQnh1MkhjYXF3dEN3NUNobGUxVEVlak03VDZ6VVg0PS0tcnlYc3RSalVOK0cyVjl2dElvVnRCQT09--46b235414cd67b0abd5677885870bfb4ad243b69; pgv_si=s2852259840',
)
[ info ] [ PARAM ] array (
)
[ info ] [ RUN ] app\api\controller\NewsControlApi->search[ /Applications/XAMPP/xamppfiles/htdocs/think/application/api/controller/NewsControlApi.php ]
[ info ] [ LOG ] INIT File
[ error ] [8]未定义数组索引: title[/Applications/XAMPP/xamppfiles/htdocs/think/application/api/controller/NewsControlApi.php:27]
---------------------------------------------------------------
[ 2018-03-26T23:31:36+08:00 ] 127.0.0.1 GET /api/news/search/i
[ info ] museum.xyz/api/news/search/i [运行时间：0.068447s][吞吐率：14.61req/s] [内存消耗：3,535.12kb] [文件加载：52]
[ info ] [ LANG ] /Applications/XAMPP/xamppfiles/htdocs/think/thinkphp/lang/zh-cn.php
[ info ] [ ROUTE ] array (
  'type' => 'module',
  'module' => 
  array (
    0 => 'api',
    1 => 'NewsControlApi',
    2 => 'news',
  ),
  'convert' => false,
)
[ info ] [ HEADER ] array (
  'host' => 'museum.xyz',
  'connection' => 'keep-alive',
  'upgrade-insecure-requests' => '1',
  'user-agent' => 'Mozilla/5.0 (Macintosh; Intel Mac OS X 10_13_3) AppleWebKit/537.36 (KHTML, like Gecko) Chrome/65.0.3325.181 Safari/537.36',
  'accept' => 'text/html,application/xhtml+xml,application/xml;q=0.9,image/webp,image/apng,*/*;q=0.8',
  'accept-encoding' => 'gzip, deflate',
  'accept-language' => 'zh-CN,zh;q=0.9,en-US;q=0.8,en;q=0.7',
  'cookie' => 'pgv_pvi=9729562624; _ga=GA1.2.1860628366.1522078189; _gid=GA1.2.81685163.1522078189; _gat=1; _undeveloped_session=RHNJTkI2ak1ENkp4ZVN5czNGaEI2cVA3aWkySC9sVXhIQjFNK21ybVpHejZYYkk3eDRjenBGZ3FmaXVlditGU3BiZTFoUXREWUF0N213NzUxUVZ1MEVjZXZQOE9qOTQ5aDdKTUo2R1pSRnBTY3pjaitHdGNQbGNJaTJXME1Mc283eVJwNGY5RWhKM0tLQnh1MkhjYXF3dEN3NUNobGUxVEVlak03VDZ6VVg0PS0tcnlYc3RSalVOK0cyVjl2dElvVnRCQT09--46b235414cd67b0abd5677885870bfb4ad243b69; pgv_si=s2852259840',
)
[ info ] [ PARAM ] array (
  'id' => 'search',
)
[ info ] [ RUN ] app\api\controller\NewsControlApi->news[ /Applications/XAMPP/xamppfiles/htdocs/think/application/api/controller/NewsControlApi.php ]
[ info ] [ DB ] INIT mysql
[ info ] [ LOG ] INIT File
[ sql ] [ DB ] CONNECT:[ UseTime:0.007853s ] mysql:host=127.0.0.1;dbname=museum;charset=utf8
[ sql ] [ SQL ] SHOW COLUMNS FROM `news` [ RunTime:0.016485s ]
[ sql ] [ SQL ] SELECT * FROM `news` WHERE  `id` = 0 LIMIT 1 [ RunTime:0.004827s ]
---------------------------------------------------------------
[ 2018-03-26T23:36:10+08:00 ] 127.0.0.1 GET /api/news/search/i
[ info ] museum.xyz/api/news/search/i [运行时间：0.078134s][吞吐率：12.80req/s] [内存消耗：3,535.41kb] [文件加载：52]
[ info ] [ LANG ] /Applications/XAMPP/xamppfiles/htdocs/think/thinkphp/lang/zh-cn.php
[ info ] [ ROUTE ] array (
  'type' => 'module',
  'module' => 
  array (
    0 => 'api',
    1 => 'NewsControlApi',
    2 => 'news',
  ),
  'convert' => false,
)
[ info ] [ HEADER ] array (
  'host' => 'museum.xyz',
  'connection' => 'keep-alive',
  'cache-control' => 'max-age=0',
  'upgrade-insecure-requests' => '1',
  'user-agent' => 'Mozilla/5.0 (Macintosh; Intel Mac OS X 10_13_3) AppleWebKit/537.36 (KHTML, like Gecko) Chrome/65.0.3325.181 Safari/537.36',
  'accept' => 'text/html,application/xhtml+xml,application/xml;q=0.9,image/webp,image/apng,*/*;q=0.8',
  'accept-encoding' => 'gzip, deflate',
  'accept-language' => 'zh-CN,zh;q=0.9,en-US;q=0.8,en;q=0.7',
  'cookie' => 'pgv_pvi=9729562624; _ga=GA1.2.1860628366.1522078189; _gid=GA1.2.81685163.1522078189; _undeveloped_session=RHNJTkI2ak1ENkp4ZVN5czNGaEI2cVA3aWkySC9sVXhIQjFNK21ybVpHejZYYkk3eDRjenBGZ3FmaXVlditGU3BiZTFoUXREWUF0N213NzUxUVZ1MEVjZXZQOE9qOTQ5aDdKTUo2R1pSRnBTY3pjaitHdGNQbGNJaTJXME1Mc283eVJwNGY5RWhKM0tLQnh1MkhjYXF3dEN3NUNobGUxVEVlak03VDZ6VVg0PS0tcnlYc3RSalVOK0cyVjl2dElvVnRCQT09--46b235414cd67b0abd5677885870bfb4ad243b69; pgv_si=s2852259840',
)
[ info ] [ PARAM ] array (
  'id' => 'search',
)
[ info ] [ RUN ] app\api\controller\NewsControlApi->news[ /Applications/XAMPP/xamppfiles/htdocs/think/application/api/controller/NewsControlApi.php ]
[ info ] [ DB ] INIT mysql
[ info ] [ LOG ] INIT File
[ sql ] [ DB ] CONNECT:[ UseTime:0.000802s ] mysql:host=127.0.0.1;dbname=museumtest;charset=utf8
[ sql ] [ SQL ] SHOW COLUMNS FROM `news` [ RunTime:0.004124s ]
[ sql ] [ SQL ] SELECT * FROM `news` WHERE  `id` = 0 LIMIT 1 [ RunTime:0.001375s ]
