---------------------------------------------------------------
[ 2018-03-27T00:06:14+08:00 ] 127.0.0.1 GET /
[ info ] museum.xyz/ [运行时间：0.026285s][吞吐率：38.04req/s] [内存消耗：1,729.70kb] [文件加载：36]
[ info ] [ LANG ] /Applications/XAMPP/xamppfiles/htdocs/think/thinkphp/lang/zh-cn.php
[ info ] [ ROUTE ] array (
  'type' => 'module',
  'module' => 
  array (
    0 => '',
    1 => NULL,
    2 => NULL,
  ),
)
[ info ] [ HEADER ] array (
  'host' => 'museum.xyz',
  'connection' => 'keep-alive',
  'upgrade-insecure-requests' => '1',
  'user-agent' => 'Mozilla/5.0 (Macintosh; Intel Mac OS X 10_13_3) AppleWebKit/537.36 (KHTML, like Gecko) Chrome/65.0.3325.181 Safari/537.36',
  'accept' => 'text/html,application/xhtml+xml,application/xml;q=0.9,image/webp,image/apng,*/*;q=0.8',
  'accept-encoding' => 'gzip, deflate',
  'accept-language' => 'zh-CN,zh;q=0.9,en-US;q=0.8,en;q=0.7',
  'cookie' => 'pgv_pvi=9729562624; _ga=GA1.2.1860628366.1522078189; _gid=GA1.2.81685163.1522078189; _undeveloped_session=RHNJTkI2ak1ENkp4ZVN5czNGaEI2cVA3aWkySC9sVXhIQjFNK21ybVpHejZYYkk3eDRjenBGZ3FmaXVlditGU3BiZTFoUXREWUF0N213NzUxUVZ1MEVjZXZQOE9qOTQ5aDdKTUo2R1pSRnBTY3pjaitHdGNQbGNJaTJXME1Mc283eVJwNGY5RWhKM0tLQnh1MkhjYXF3dEN3NUNobGUxVEVlak03VDZ6VVg0PS0tcnlYc3RSalVOK0cyVjl2dElvVnRCQT09--46b235414cd67b0abd5677885870bfb4ad243b69; pgv_si=s2852259840',
)
[ info ] [ PARAM ] array (
)
[ info ] [ RUN ] app\index\controller\Index->index[ /Applications/XAMPP/xamppfiles/htdocs/think/application/index/controller/Index.php ]
[ info ] [ LOG ] INIT File
---------------------------------------------------------------
[ 2018-03-27T00:06:18+08:00 ] 127.0.0.1 GET /api/audio/1
[ info ] museum.xyz/api/audio/1 [运行时间：0.032416s][吞吐率：30.85req/s] [内存消耗：3,545.79kb] [文件加载：52]
[ info ] [ LANG ] /Applications/XAMPP/xamppfiles/htdocs/think/thinkphp/lang/zh-cn.php
[ info ] [ ROUTE ] array (
  'type' => 'module',
  'module' => 
  array (
    0 => 'api',
    1 => 'AudioControlApi',
    2 => 'audio',
  ),
  'convert' => false,
)
[ info ] [ HEADER ] array (
  'host' => 'museum.xyz',
  'connection' => 'keep-alive',
  'upgrade-insecure-requests' => '1',
  'user-agent' => 'Mozilla/5.0 (Macintosh; Intel Mac OS X 10_13_3) AppleWebKit/537.36 (KHTML, like Gecko) Chrome/65.0.3325.181 Safari/537.36',
  'accept' => 'text/html,application/xhtml+xml,application/xml;q=0.9,image/webp,image/apng,*/*;q=0.8',
  'accept-encoding' => 'gzip, deflate',
  'accept-language' => 'zh-CN,zh;q=0.9,en-US;q=0.8,en;q=0.7',
  'cookie' => 'pgv_pvi=9729562624; _ga=GA1.2.1860628366.1522078189; _gid=GA1.2.81685163.1522078189; _undeveloped_session=RHNJTkI2ak1ENkp4ZVN5czNGaEI2cVA3aWkySC9sVXhIQjFNK21ybVpHejZYYkk3eDRjenBGZ3FmaXVlditGU3BiZTFoUXREWUF0N213NzUxUVZ1MEVjZXZQOE9qOTQ5aDdKTUo2R1pSRnBTY3pjaitHdGNQbGNJaTJXME1Mc283eVJwNGY5RWhKM0tLQnh1MkhjYXF3dEN3NUNobGUxVEVlak03VDZ6VVg0PS0tcnlYc3RSalVOK0cyVjl2dElvVnRCQT09--46b235414cd67b0abd5677885870bfb4ad243b69; pgv_si=s2852259840',
)
[ info ] [ PARAM ] array (
  'id' => '1',
)
[ info ] [ RUN ] app\api\controller\AudioControlApi->audio[ /Applications/XAMPP/xamppfiles/htdocs/think/application/api/controller/AudioControlApi.php ]
[ info ] [ DB ] INIT mysql
[ info ] [ LOG ] INIT File
[ sql ] [ DB ] CONNECT:[ UseTime:0.000752s ] mysql:host=127.0.0.1;dbname=museumtest;charset=utf8
[ sql ] [ SQL ] SHOW COLUMNS FROM `audio` [ RunTime:0.002406s ]
[ sql ] [ SQL ] SELECT * FROM `audio` WHERE  `id` = 1 LIMIT 1 [ RunTime:0.000401s ]
---------------------------------------------------------------
[ 2018-03-27T00:06:33+08:00 ] 127.0.0.1 GET /api/audio/userid/1
[ info ] museum.xyz/api/audio/userid/1 [运行时间：0.033523s][吞吐率：29.83req/s] [内存消耗：3,543.51kb] [文件加载：52]
[ info ] [ LANG ] /Applications/XAMPP/xamppfiles/htdocs/think/thinkphp/lang/zh-cn.php
[ info ] [ ROUTE ] array (
  'type' => 'module',
  'module' => 
  array (
    0 => 'api',
    1 => 'AudioControlApi',
    2 => 'audio',
  ),
  'convert' => false,
)
[ info ] [ HEADER ] array (
  'host' => 'museum.xyz',
  'connection' => 'keep-alive',
  'upgrade-insecure-requests' => '1',
  'user-agent' => 'Mozilla/5.0 (Macintosh; Intel Mac OS X 10_13_3) AppleWebKit/537.36 (KHTML, like Gecko) Chrome/65.0.3325.181 Safari/537.36',
  'accept' => 'text/html,application/xhtml+xml,application/xml;q=0.9,image/webp,image/apng,*/*;q=0.8',
  'accept-encoding' => 'gzip, deflate',
  'accept-language' => 'zh-CN,zh;q=0.9,en-US;q=0.8,en;q=0.7',
  'cookie' => 'pgv_pvi=9729562624; _ga=GA1.2.1860628366.1522078189; _gid=GA1.2.81685163.1522078189; _undeveloped_session=RHNJTkI2ak1ENkp4ZVN5czNGaEI2cVA3aWkySC9sVXhIQjFNK21ybVpHejZYYkk3eDRjenBGZ3FmaXVlditGU3BiZTFoUXREWUF0N213NzUxUVZ1MEVjZXZQOE9qOTQ5aDdKTUo2R1pSRnBTY3pjaitHdGNQbGNJaTJXME1Mc283eVJwNGY5RWhKM0tLQnh1MkhjYXF3dEN3NUNobGUxVEVlak03VDZ6VVg0PS0tcnlYc3RSalVOK0cyVjl2dElvVnRCQT09--46b235414cd67b0abd5677885870bfb4ad243b69; pgv_si=s2852259840',
)
[ info ] [ PARAM ] array (
  'id' => 'userid',
)
[ info ] [ RUN ] app\api\controller\AudioControlApi->audio[ /Applications/XAMPP/xamppfiles/htdocs/think/application/api/controller/AudioControlApi.php ]
[ info ] [ DB ] INIT mysql
[ info ] [ LOG ] INIT File
[ sql ] [ DB ] CONNECT:[ UseTime:0.000627s ] mysql:host=127.0.0.1;dbname=museumtest;charset=utf8
[ sql ] [ SQL ] SHOW COLUMNS FROM `audio` [ RunTime:0.002912s ]
[ sql ] [ SQL ] SELECT * FROM `audio` WHERE  `id` = 0 LIMIT 1 [ RunTime:0.000514s ]
---------------------------------------------------------------
[ 2018-03-27T00:06:40+08:00 ] 127.0.0.1 GET /api/audio/
[ info ] museum.xyz/api/audio/ [运行时间：0.021126s][吞吐率：47.33req/s] [内存消耗：1,789.66kb] [文件加载：39]
[ info ] [ LANG ] /Applications/XAMPP/xamppfiles/htdocs/think/thinkphp/lang/zh-cn.php
[ info ] [ ROUTE ] array (
  'type' => 'module',
  'module' => 
  array (
    0 => 'api',
    1 => 'audio',
    2 => NULL,
  ),
)
[ info ] [ HEADER ] array (
  'host' => 'museum.xyz',
  'connection' => 'keep-alive',
  'upgrade-insecure-requests' => '1',
  'user-agent' => 'Mozilla/5.0 (Macintosh; Intel Mac OS X 10_13_3) AppleWebKit/537.36 (KHTML, like Gecko) Chrome/65.0.3325.181 Safari/537.36',
  'accept' => 'text/html,application/xhtml+xml,application/xml;q=0.9,image/webp,image/apng,*/*;q=0.8',
  'accept-encoding' => 'gzip, deflate',
  'accept-language' => 'zh-CN,zh;q=0.9,en-US;q=0.8,en;q=0.7',
  'cookie' => 'pgv_pvi=9729562624; _ga=GA1.2.1860628366.1522078189; _gid=GA1.2.81685163.1522078189; _undeveloped_session=RHNJTkI2ak1ENkp4ZVN5czNGaEI2cVA3aWkySC9sVXhIQjFNK21ybVpHejZYYkk3eDRjenBGZ3FmaXVlditGU3BiZTFoUXREWUF0N213NzUxUVZ1MEVjZXZQOE9qOTQ5aDdKTUo2R1pSRnBTY3pjaitHdGNQbGNJaTJXME1Mc283eVJwNGY5RWhKM0tLQnh1MkhjYXF3dEN3NUNobGUxVEVlak03VDZ6VVg0PS0tcnlYc3RSalVOK0cyVjl2dElvVnRCQT09--46b235414cd67b0abd5677885870bfb4ad243b69; pgv_si=s2852259840',
)
[ info ] [ PARAM ] array (
)
[ info ] [ LOG ] INIT File
---------------------------------------------------------------
[ 2018-03-27T00:06:43+08:00 ] 127.0.0.1 GET /api/audio/1
[ info ] museum.xyz/api/audio/1 [运行时间：0.028197s][吞吐率：35.46req/s] [内存消耗：3,545.42kb] [文件加载：52]
[ info ] [ LANG ] /Applications/XAMPP/xamppfiles/htdocs/think/thinkphp/lang/zh-cn.php
[ info ] [ ROUTE ] array (
  'type' => 'module',
  'module' => 
  array (
    0 => 'api',
    1 => 'AudioControlApi',
    2 => 'audio',
  ),
  'convert' => false,
)
[ info ] [ HEADER ] array (
  'host' => 'museum.xyz',
  'connection' => 'keep-alive',
  'upgrade-insecure-requests' => '1',
  'user-agent' => 'Mozilla/5.0 (Macintosh; Intel Mac OS X 10_13_3) AppleWebKit/537.36 (KHTML, like Gecko) Chrome/65.0.3325.181 Safari/537.36',
  'accept' => 'text/html,application/xhtml+xml,application/xml;q=0.9,image/webp,image/apng,*/*;q=0.8',
  'accept-encoding' => 'gzip, deflate',
  'accept-language' => 'zh-CN,zh;q=0.9,en-US;q=0.8,en;q=0.7',
  'cookie' => 'pgv_pvi=9729562624; _ga=GA1.2.1860628366.1522078189; _gid=GA1.2.81685163.1522078189; _undeveloped_session=RHNJTkI2ak1ENkp4ZVN5czNGaEI2cVA3aWkySC9sVXhIQjFNK21ybVpHejZYYkk3eDRjenBGZ3FmaXVlditGU3BiZTFoUXREWUF0N213NzUxUVZ1MEVjZXZQOE9qOTQ5aDdKTUo2R1pSRnBTY3pjaitHdGNQbGNJaTJXME1Mc283eVJwNGY5RWhKM0tLQnh1MkhjYXF3dEN3NUNobGUxVEVlak03VDZ6VVg0PS0tcnlYc3RSalVOK0cyVjl2dElvVnRCQT09--46b235414cd67b0abd5677885870bfb4ad243b69; pgv_si=s2852259840',
)
[ info ] [ PARAM ] array (
  'id' => '1',
)
[ info ] [ RUN ] app\api\controller\AudioControlApi->audio[ /Applications/XAMPP/xamppfiles/htdocs/think/application/api/controller/AudioControlApi.php ]
[ info ] [ DB ] INIT mysql
[ info ] [ LOG ] INIT File
[ sql ] [ DB ] CONNECT:[ UseTime:0.000687s ] mysql:host=127.0.0.1;dbname=museumtest;charset=utf8
[ sql ] [ SQL ] SHOW COLUMNS FROM `audio` [ RunTime:0.002125s ]
[ sql ] [ SQL ] SELECT * FROM `audio` WHERE  `id` = 1 LIMIT 1 [ RunTime:0.000397s ]
---------------------------------------------------------------
[ 2018-03-27T00:06:50+08:00 ] 127.0.0.1 GET /api/audio/userid/1
[ info ] museum.xyz/api/audio/userid/1 [运行时间：0.038378s][吞吐率：26.06req/s] [内存消耗：3,543.51kb] [文件加载：52]
[ info ] [ LANG ] /Applications/XAMPP/xamppfiles/htdocs/think/thinkphp/lang/zh-cn.php
[ info ] [ ROUTE ] array (
  'type' => 'module',
  'module' => 
  array (
    0 => 'api',
    1 => 'AudioControlApi',
    2 => 'audio',
  ),
  'convert' => false,
)
[ info ] [ HEADER ] array (
  'host' => 'museum.xyz',
  'connection' => 'keep-alive',
  'upgrade-insecure-requests' => '1',
  'user-agent' => 'Mozilla/5.0 (Macintosh; Intel Mac OS X 10_13_3) AppleWebKit/537.36 (KHTML, like Gecko) Chrome/65.0.3325.181 Safari/537.36',
  'accept' => 'text/html,application/xhtml+xml,application/xml;q=0.9,image/webp,image/apng,*/*;q=0.8',
  'accept-encoding' => 'gzip, deflate',
  'accept-language' => 'zh-CN,zh;q=0.9,en-US;q=0.8,en;q=0.7',
  'cookie' => 'pgv_pvi=9729562624; _ga=GA1.2.1860628366.1522078189; _gid=GA1.2.81685163.1522078189; _undeveloped_session=RHNJTkI2ak1ENkp4ZVN5czNGaEI2cVA3aWkySC9sVXhIQjFNK21ybVpHejZYYkk3eDRjenBGZ3FmaXVlditGU3BiZTFoUXREWUF0N213NzUxUVZ1MEVjZXZQOE9qOTQ5aDdKTUo2R1pSRnBTY3pjaitHdGNQbGNJaTJXME1Mc283eVJwNGY5RWhKM0tLQnh1MkhjYXF3dEN3NUNobGUxVEVlak03VDZ6VVg0PS0tcnlYc3RSalVOK0cyVjl2dElvVnRCQT09--46b235414cd67b0abd5677885870bfb4ad243b69; pgv_si=s2852259840',
)
[ info ] [ PARAM ] array (
  'id' => 'userid',
)
[ info ] [ RUN ] app\api\controller\AudioControlApi->audio[ /Applications/XAMPP/xamppfiles/htdocs/think/application/api/controller/AudioControlApi.php ]
[ info ] [ DB ] INIT mysql
[ info ] [ LOG ] INIT File
[ sql ] [ DB ] CONNECT:[ UseTime:0.001365s ] mysql:host=127.0.0.1;dbname=museumtest;charset=utf8
[ sql ] [ SQL ] SHOW COLUMNS FROM `audio` [ RunTime:0.002230s ]
[ sql ] [ SQL ] SELECT * FROM `audio` WHERE  `id` = 0 LIMIT 1 [ RunTime:0.000482s ]
---------------------------------------------------------------
[ 2018-03-27T00:06:56+08:00 ] 127.0.0.1 GET /api/audio/user/1
[ info ] museum.xyz/api/audio/user/1 [运行时间：0.030021s][吞吐率：33.31req/s] [内存消耗：3,543.34kb] [文件加载：52]
[ info ] [ LANG ] /Applications/XAMPP/xamppfiles/htdocs/think/thinkphp/lang/zh-cn.php
[ info ] [ ROUTE ] array (
  'type' => 'module',
  'module' => 
  array (
    0 => 'api',
    1 => 'AudioControlApi',
    2 => 'audio',
  ),
  'convert' => false,
)
[ info ] [ HEADER ] array (
  'host' => 'museum.xyz',
  'connection' => 'keep-alive',
  'upgrade-insecure-requests' => '1',
  'user-agent' => 'Mozilla/5.0 (Macintosh; Intel Mac OS X 10_13_3) AppleWebKit/537.36 (KHTML, like Gecko) Chrome/65.0.3325.181 Safari/537.36',
  'accept' => 'text/html,application/xhtml+xml,application/xml;q=0.9,image/webp,image/apng,*/*;q=0.8',
  'accept-encoding' => 'gzip, deflate',
  'accept-language' => 'zh-CN,zh;q=0.9,en-US;q=0.8,en;q=0.7',
  'cookie' => 'pgv_pvi=9729562624; _ga=GA1.2.1860628366.1522078189; _gid=GA1.2.81685163.1522078189; _undeveloped_session=RHNJTkI2ak1ENkp4ZVN5czNGaEI2cVA3aWkySC9sVXhIQjFNK21ybVpHejZYYkk3eDRjenBGZ3FmaXVlditGU3BiZTFoUXREWUF0N213NzUxUVZ1MEVjZXZQOE9qOTQ5aDdKTUo2R1pSRnBTY3pjaitHdGNQbGNJaTJXME1Mc283eVJwNGY5RWhKM0tLQnh1MkhjYXF3dEN3NUNobGUxVEVlak03VDZ6VVg0PS0tcnlYc3RSalVOK0cyVjl2dElvVnRCQT09--46b235414cd67b0abd5677885870bfb4ad243b69; pgv_si=s2852259840',
)
[ info ] [ PARAM ] array (
  'id' => 'user',
)
[ info ] [ RUN ] app\api\controller\AudioControlApi->audio[ /Applications/XAMPP/xamppfiles/htdocs/think/application/api/controller/AudioControlApi.php ]
[ info ] [ DB ] INIT mysql
[ info ] [ LOG ] INIT File
[ sql ] [ DB ] CONNECT:[ UseTime:0.004184s ] mysql:host=127.0.0.1;dbname=museumtest;charset=utf8
[ sql ] [ SQL ] SHOW COLUMNS FROM `audio` [ RunTime:0.002373s ]
[ sql ] [ SQL ] SELECT * FROM `audio` WHERE  `id` = 0 LIMIT 1 [ RunTime:0.000470s ]
---------------------------------------------------------------
[ 2018-03-27T00:07:30+08:00 ] 127.0.0.1 GET /api/audio/user/1
[ info ] museum.xyz/api/audio/user/1 [运行时间：0.044787s][吞吐率：22.33req/s] [内存消耗：3,543.73kb] [文件加载：52]
[ info ] [ LANG ] /Applications/XAMPP/xamppfiles/htdocs/think/thinkphp/lang/zh-cn.php
[ info ] [ ROUTE ] array (
  'type' => 'module',
  'module' => 
  array (
    0 => 'api',
    1 => 'AudioControlApi',
    2 => 'audio',
  ),
  'convert' => false,
)
[ info ] [ HEADER ] array (
  'host' => 'museum.xyz',
  'connection' => 'keep-alive',
  'cache-control' => 'max-age=0',
  'upgrade-insecure-requests' => '1',
  'user-agent' => 'Mozilla/5.0 (Macintosh; Intel Mac OS X 10_13_3) AppleWebKit/537.36 (KHTML, like Gecko) Chrome/65.0.3325.181 Safari/537.36',
  'accept' => 'text/html,application/xhtml+xml,application/xml;q=0.9,image/webp,image/apng,*/*;q=0.8',
  'accept-encoding' => 'gzip, deflate',
  'accept-language' => 'zh-CN,zh;q=0.9,en-US;q=0.8,en;q=0.7',
  'cookie' => 'pgv_pvi=9729562624; _ga=GA1.2.1860628366.1522078189; _gid=GA1.2.81685163.1522078189; _undeveloped_session=RHNJTkI2ak1ENkp4ZVN5czNGaEI2cVA3aWkySC9sVXhIQjFNK21ybVpHejZYYkk3eDRjenBGZ3FmaXVlditGU3BiZTFoUXREWUF0N213NzUxUVZ1MEVjZXZQOE9qOTQ5aDdKTUo2R1pSRnBTY3pjaitHdGNQbGNJaTJXME1Mc283eVJwNGY5RWhKM0tLQnh1MkhjYXF3dEN3NUNobGUxVEVlak03VDZ6VVg0PS0tcnlYc3RSalVOK0cyVjl2dElvVnRCQT09--46b235414cd67b0abd5677885870bfb4ad243b69; pgv_si=s2852259840',
)
[ info ] [ PARAM ] array (
  'id' => 'user',
)
[ info ] [ RUN ] app\api\controller\AudioControlApi->audio[ /Applications/XAMPP/xamppfiles/htdocs/think/application/api/controller/AudioControlApi.php ]
[ info ] [ DB ] INIT mysql
[ info ] [ LOG ] INIT File
[ sql ] [ DB ] CONNECT:[ UseTime:0.001219s ] mysql:host=127.0.0.1;dbname=museumtest;charset=utf8
[ sql ] [ SQL ] SHOW COLUMNS FROM `audio` [ RunTime:0.003193s ]
[ sql ] [ SQL ] SELECT * FROM `audio` WHERE  `id` = 0 LIMIT 1 [ RunTime:0.000456s ]
---------------------------------------------------------------
[ 2018-03-27T00:07:38+08:00 ] 127.0.0.1 GET /api/audio/search/%E6%B5%8B%E8%AF%95
[ info ] museum.xyz/api/audio/search/%E6%B5%8B%E8%AF%95 [运行时间：0.033025s][吞吐率：30.28req/s] [内存消耗：3,543.56kb] [文件加载：52]
[ info ] [ LANG ] /Applications/XAMPP/xamppfiles/htdocs/think/thinkphp/lang/zh-cn.php
[ info ] [ ROUTE ] array (
  'type' => 'module',
  'module' => 
  array (
    0 => 'api',
    1 => 'AudioControlApi',
    2 => 'audio',
  ),
  'convert' => false,
)
[ info ] [ HEADER ] array (
  'host' => 'museum.xyz',
  'connection' => 'keep-alive',
  'upgrade-insecure-requests' => '1',
  'user-agent' => 'Mozilla/5.0 (Macintosh; Intel Mac OS X 10_13_3) AppleWebKit/537.36 (KHTML, like Gecko) Chrome/65.0.3325.181 Safari/537.36',
  'accept' => 'text/html,application/xhtml+xml,application/xml;q=0.9,image/webp,image/apng,*/*;q=0.8',
  'accept-encoding' => 'gzip, deflate',
  'accept-language' => 'zh-CN,zh;q=0.9,en-US;q=0.8,en;q=0.7',
  'cookie' => 'pgv_pvi=9729562624; _ga=GA1.2.1860628366.1522078189; _gid=GA1.2.81685163.1522078189; _undeveloped_session=RHNJTkI2ak1ENkp4ZVN5czNGaEI2cVA3aWkySC9sVXhIQjFNK21ybVpHejZYYkk3eDRjenBGZ3FmaXVlditGU3BiZTFoUXREWUF0N213NzUxUVZ1MEVjZXZQOE9qOTQ5aDdKTUo2R1pSRnBTY3pjaitHdGNQbGNJaTJXME1Mc283eVJwNGY5RWhKM0tLQnh1MkhjYXF3dEN3NUNobGUxVEVlak03VDZ6VVg0PS0tcnlYc3RSalVOK0cyVjl2dElvVnRCQT09--46b235414cd67b0abd5677885870bfb4ad243b69; pgv_si=s2852259840',
)
[ info ] [ PARAM ] array (
  'id' => 'search',
)
[ info ] [ RUN ] app\api\controller\AudioControlApi->audio[ /Applications/XAMPP/xamppfiles/htdocs/think/application/api/controller/AudioControlApi.php ]
[ info ] [ DB ] INIT mysql
[ info ] [ LOG ] INIT File
[ sql ] [ DB ] CONNECT:[ UseTime:0.000888s ] mysql:host=127.0.0.1;dbname=museumtest;charset=utf8
[ sql ] [ SQL ] SHOW COLUMNS FROM `audio` [ RunTime:0.002163s ]
[ sql ] [ SQL ] SELECT * FROM `audio` WHERE  `id` = 0 LIMIT 1 [ RunTime:0.001844s ]
---------------------------------------------------------------
[ 2018-03-27T00:07:52+08:00 ] 127.0.0.1 GET /api/audio/search?description=%E6%B5%8B%E8%AF%95
[ info ] museum.xyz/api/audio/search?description=%E6%B5%8B%E8%AF%95 [运行时间：0.031743s][吞吐率：31.50req/s] [内存消耗：3,544.35kb] [文件加载：52]
[ info ] [ LANG ] /Applications/XAMPP/xamppfiles/htdocs/think/thinkphp/lang/zh-cn.php
[ info ] [ ROUTE ] array (
  'type' => 'module',
  'module' => 
  array (
    0 => 'api',
    1 => 'AudioControlApi',
    2 => 'search',
  ),
  'convert' => false,
)
[ info ] [ HEADER ] array (
  'host' => 'museum.xyz',
  'connection' => 'keep-alive',
  'upgrade-insecure-requests' => '1',
  'user-agent' => 'Mozilla/5.0 (Macintosh; Intel Mac OS X 10_13_3) AppleWebKit/537.36 (KHTML, like Gecko) Chrome/65.0.3325.181 Safari/537.36',
  'accept' => 'text/html,application/xhtml+xml,application/xml;q=0.9,image/webp,image/apng,*/*;q=0.8',
  'accept-encoding' => 'gzip, deflate',
  'accept-language' => 'zh-CN,zh;q=0.9,en-US;q=0.8,en;q=0.7',
  'cookie' => 'pgv_pvi=9729562624; _ga=GA1.2.1860628366.1522078189; _gid=GA1.2.81685163.1522078189; _undeveloped_session=RHNJTkI2ak1ENkp4ZVN5czNGaEI2cVA3aWkySC9sVXhIQjFNK21ybVpHejZYYkk3eDRjenBGZ3FmaXVlditGU3BiZTFoUXREWUF0N213NzUxUVZ1MEVjZXZQOE9qOTQ5aDdKTUo2R1pSRnBTY3pjaitHdGNQbGNJaTJXME1Mc283eVJwNGY5RWhKM0tLQnh1MkhjYXF3dEN3NUNobGUxVEVlak03VDZ6VVg0PS0tcnlYc3RSalVOK0cyVjl2dElvVnRCQT09--46b235414cd67b0abd5677885870bfb4ad243b69; pgv_si=s2852259840',
)
[ info ] [ PARAM ] array (
  'description' => '测试',
)
[ info ] [ RUN ] app\api\controller\AudioControlApi->search[ /Applications/XAMPP/xamppfiles/htdocs/think/application/api/controller/AudioControlApi.php ]
[ info ] [ DB ] INIT mysql
[ info ] [ LOG ] INIT File
[ sql ] [ DB ] CONNECT:[ UseTime:0.000640s ] mysql:host=127.0.0.1;dbname=museumtest;charset=utf8
[ sql ] [ SQL ] SHOW COLUMNS FROM `audio` [ RunTime:0.005453s ]
[ sql ] [ SQL ] SELECT * FROM `audio` WHERE  `description` LIKE '%测试%' [ RunTime:0.000485s ]
---------------------------------------------------------------
[ 2018-03-27T00:08:24+08:00 ] 127.0.0.1 GET /api/audio/user/1
[ info ] museum.xyz/api/audio/user/1 [运行时间：0.038574s][吞吐率：25.92req/s] [内存消耗：3,543.81kb] [文件加载：52]
[ info ] [ LANG ] /Applications/XAMPP/xamppfiles/htdocs/think/thinkphp/lang/zh-cn.php
[ info ] [ ROUTE ] array (
  'type' => 'module',
  'module' => 
  array (
    0 => 'api',
    1 => 'AudioControlApi',
    2 => 'audio',
  ),
  'convert' => false,
)
[ info ] [ HEADER ] array (
  'host' => 'museum.xyz',
  'connection' => 'keep-alive',
  'cache-control' => 'max-age=0',
  'upgrade-insecure-requests' => '1',
  'user-agent' => 'Mozilla/5.0 (Macintosh; Intel Mac OS X 10_13_3) AppleWebKit/537.36 (KHTML, like Gecko) Chrome/65.0.3325.181 Safari/537.36',
  'accept' => 'text/html,application/xhtml+xml,application/xml;q=0.9,image/webp,image/apng,*/*;q=0.8',
  'accept-encoding' => 'gzip, deflate',
  'accept-language' => 'zh-CN,zh;q=0.9,en-US;q=0.8,en;q=0.7',
  'cookie' => 'pgv_pvi=9729562624; _ga=GA1.2.1860628366.1522078189; _gid=GA1.2.81685163.1522078189; _undeveloped_session=RHNJTkI2ak1ENkp4ZVN5czNGaEI2cVA3aWkySC9sVXhIQjFNK21ybVpHejZYYkk3eDRjenBGZ3FmaXVlditGU3BiZTFoUXREWUF0N213NzUxUVZ1MEVjZXZQOE9qOTQ5aDdKTUo2R1pSRnBTY3pjaitHdGNQbGNJaTJXME1Mc283eVJwNGY5RWhKM0tLQnh1MkhjYXF3dEN3NUNobGUxVEVlak03VDZ6VVg0PS0tcnlYc3RSalVOK0cyVjl2dElvVnRCQT09--46b235414cd67b0abd5677885870bfb4ad243b69; pgv_si=s2852259840',
)
[ info ] [ PARAM ] array (
  'id' => 'user',
)
[ info ] [ RUN ] app\api\controller\AudioControlApi->audio[ /Applications/XAMPP/xamppfiles/htdocs/think/application/api/controller/AudioControlApi.php ]
[ info ] [ DB ] INIT mysql
[ info ] [ LOG ] INIT File
[ sql ] [ DB ] CONNECT:[ UseTime:0.000616s ] mysql:host=127.0.0.1;dbname=museumtest;charset=utf8
[ sql ] [ SQL ] SHOW COLUMNS FROM `audio` [ RunTime:0.002434s ]
[ sql ] [ SQL ] SELECT * FROM `audio` WHERE  `id` = 0 LIMIT 1 [ RunTime:0.001072s ]
---------------------------------------------------------------
[ 2018-03-27T00:08:29+08:00 ] 127.0.0.1 GET /api/audio/user/2
[ info ] museum.xyz/api/audio/user/2 [运行时间：0.028976s][吞吐率：34.51req/s] [内存消耗：3,543.41kb] [文件加载：52]
[ info ] [ LANG ] /Applications/XAMPP/xamppfiles/htdocs/think/thinkphp/lang/zh-cn.php
[ info ] [ ROUTE ] array (
  'type' => 'module',
  'module' => 
  array (
    0 => 'api',
    1 => 'AudioControlApi',
    2 => 'audio',
  ),
  'convert' => false,
)
[ info ] [ HEADER ] array (
  'host' => 'museum.xyz',
  'connection' => 'keep-alive',
  'upgrade-insecure-requests' => '1',
  'user-agent' => 'Mozilla/5.0 (Macintosh; Intel Mac OS X 10_13_3) AppleWebKit/537.36 (KHTML, like Gecko) Chrome/65.0.3325.181 Safari/537.36',
  'accept' => 'text/html,application/xhtml+xml,application/xml;q=0.9,image/webp,image/apng,*/*;q=0.8',
  'accept-encoding' => 'gzip, deflate',
  'accept-language' => 'zh-CN,zh;q=0.9,en-US;q=0.8,en;q=0.7',
  'cookie' => 'pgv_pvi=9729562624; _ga=GA1.2.1860628366.1522078189; _gid=GA1.2.81685163.1522078189; _undeveloped_session=RHNJTkI2ak1ENkp4ZVN5czNGaEI2cVA3aWkySC9sVXhIQjFNK21ybVpHejZYYkk3eDRjenBGZ3FmaXVlditGU3BiZTFoUXREWUF0N213NzUxUVZ1MEVjZXZQOE9qOTQ5aDdKTUo2R1pSRnBTY3pjaitHdGNQbGNJaTJXME1Mc283eVJwNGY5RWhKM0tLQnh1MkhjYXF3dEN3NUNobGUxVEVlak03VDZ6VVg0PS0tcnlYc3RSalVOK0cyVjl2dElvVnRCQT09--46b235414cd67b0abd5677885870bfb4ad243b69; pgv_si=s2852259840',
)
[ info ] [ PARAM ] array (
  'id' => 'user',
)
[ info ] [ RUN ] app\api\controller\AudioControlApi->audio[ /Applications/XAMPP/xamppfiles/htdocs/think/application/api/controller/AudioControlApi.php ]
[ info ] [ DB ] INIT mysql
[ info ] [ LOG ] INIT File
[ sql ] [ DB ] CONNECT:[ UseTime:0.000625s ] mysql:host=127.0.0.1;dbname=museumtest;charset=utf8
[ sql ] [ SQL ] SHOW COLUMNS FROM `audio` [ RunTime:0.003390s ]
[ sql ] [ SQL ] SELECT * FROM `audio` WHERE  `id` = 0 LIMIT 1 [ RunTime:0.000491s ]
---------------------------------------------------------------
[ 2018-03-27T00:08:32+08:00 ] 127.0.0.1 GET /api/audio/user/3
[ info ] museum.xyz/api/audio/user/3 [运行时间：0.023946s][吞吐率：41.76req/s] [内存消耗：3,543.41kb] [文件加载：52]
[ info ] [ LANG ] /Applications/XAMPP/xamppfiles/htdocs/think/thinkphp/lang/zh-cn.php
[ info ] [ ROUTE ] array (
  'type' => 'module',
  'module' => 
  array (
    0 => 'api',
    1 => 'AudioControlApi',
    2 => 'audio',
  ),
  'convert' => false,
)
[ info ] [ HEADER ] array (
  'host' => 'museum.xyz',
  'connection' => 'keep-alive',
  'upgrade-insecure-requests' => '1',
  'user-agent' => 'Mozilla/5.0 (Macintosh; Intel Mac OS X 10_13_3) AppleWebKit/537.36 (KHTML, like Gecko) Chrome/65.0.3325.181 Safari/537.36',
  'accept' => 'text/html,application/xhtml+xml,application/xml;q=0.9,image/webp,image/apng,*/*;q=0.8',
  'accept-encoding' => 'gzip, deflate',
  'accept-language' => 'zh-CN,zh;q=0.9,en-US;q=0.8,en;q=0.7',
  'cookie' => 'pgv_pvi=9729562624; _ga=GA1.2.1860628366.1522078189; _gid=GA1.2.81685163.1522078189; _undeveloped_session=RHNJTkI2ak1ENkp4ZVN5czNGaEI2cVA3aWkySC9sVXhIQjFNK21ybVpHejZYYkk3eDRjenBGZ3FmaXVlditGU3BiZTFoUXREWUF0N213NzUxUVZ1MEVjZXZQOE9qOTQ5aDdKTUo2R1pSRnBTY3pjaitHdGNQbGNJaTJXME1Mc283eVJwNGY5RWhKM0tLQnh1MkhjYXF3dEN3NUNobGUxVEVlak03VDZ6VVg0PS0tcnlYc3RSalVOK0cyVjl2dElvVnRCQT09--46b235414cd67b0abd5677885870bfb4ad243b69; pgv_si=s2852259840',
)
[ info ] [ PARAM ] array (
  'id' => 'user',
)
[ info ] [ RUN ] app\api\controller\AudioControlApi->audio[ /Applications/XAMPP/xamppfiles/htdocs/think/application/api/controller/AudioControlApi.php ]
[ info ] [ DB ] INIT mysql
[ info ] [ LOG ] INIT File
[ sql ] [ DB ] CONNECT:[ UseTime:0.000579s ] mysql:host=127.0.0.1;dbname=museumtest;charset=utf8
[ sql ] [ SQL ] SHOW COLUMNS FROM `audio` [ RunTime:0.002204s ]
[ sql ] [ SQL ] SELECT * FROM `audio` WHERE  `id` = 0 LIMIT 1 [ RunTime:0.000425s ]
---------------------------------------------------------------
[ 2018-03-27T00:10:16+08:00 ] 127.0.0.1 GET /api/audiobyuser/3
[ info ] museum.xyz/api/audiobyuser/3 [运行时间：0.026359s][吞吐率：37.94req/s] [内存消耗：3,527.91kb] [文件加载：54]
[ info ] [ LANG ] /Applications/XAMPP/xamppfiles/htdocs/think/thinkphp/lang/zh-cn.php
[ info ] [ ROUTE ] array (
  'type' => 'module',
  'module' => 
  array (
    0 => 'api',
    1 => 'AudioControlApi',
    2 => 'user',
  ),
  'convert' => false,
)
[ info ] [ HEADER ] array (
  'host' => 'museum.xyz',
  'connection' => 'keep-alive',
  'upgrade-insecure-requests' => '1',
  'user-agent' => 'Mozilla/5.0 (Macintosh; Intel Mac OS X 10_13_3) AppleWebKit/537.36 (KHTML, like Gecko) Chrome/65.0.3325.181 Safari/537.36',
  'accept' => 'text/html,application/xhtml+xml,application/xml;q=0.9,image/webp,image/apng,*/*;q=0.8',
  'accept-encoding' => 'gzip, deflate',
  'accept-language' => 'zh-CN,zh;q=0.9,en-US;q=0.8,en;q=0.7',
  'cookie' => 'pgv_pvi=9729562624; _ga=GA1.2.1860628366.1522078189; _gid=GA1.2.81685163.1522078189; _undeveloped_session=RHNJTkI2ak1ENkp4ZVN5czNGaEI2cVA3aWkySC9sVXhIQjFNK21ybVpHejZYYkk3eDRjenBGZ3FmaXVlditGU3BiZTFoUXREWUF0N213NzUxUVZ1MEVjZXZQOE9qOTQ5aDdKTUo2R1pSRnBTY3pjaitHdGNQbGNJaTJXME1Mc283eVJwNGY5RWhKM0tLQnh1MkhjYXF3dEN3NUNobGUxVEVlak03VDZ6VVg0PS0tcnlYc3RSalVOK0cyVjl2dElvVnRCQT09--46b235414cd67b0abd5677885870bfb4ad243b69; pgv_si=s2852259840',
)
[ info ] [ PARAM ] array (
  'userid' => '3',
)
[ info ] [ RUN ] app\api\controller\AudioControlApi->user[ /Applications/XAMPP/xamppfiles/htdocs/think/application/api/controller/AudioControlApi.php ]
[ info ] [ DB ] INIT mysql
[ info ] [ LOG ] INIT File
[ error ] [1]Call to undefined function app\api\controller\find()[/Applications/XAMPP/xamppfiles/htdocs/think/application/api/controller/AudioControlApi.php:24]
---------------------------------------------------------------
[ 2018-03-27T00:10:19+08:00 ] 127.0.0.1 GET /api/audiobyuser/3
[ info ] museum.xyz/api/audiobyuser/3 [运行时间：0.025856s][吞吐率：38.68req/s] [内存消耗：3,528.16kb] [文件加载：54]
[ info ] [ LANG ] /Applications/XAMPP/xamppfiles/htdocs/think/thinkphp/lang/zh-cn.php
[ info ] [ ROUTE ] array (
  'type' => 'module',
  'module' => 
  array (
    0 => 'api',
    1 => 'AudioControlApi',
    2 => 'user',
  ),
  'convert' => false,
)
[ info ] [ HEADER ] array (
  'host' => 'museum.xyz',
  'connection' => 'keep-alive',
  'cache-control' => 'max-age=0',
  'upgrade-insecure-requests' => '1',
  'user-agent' => 'Mozilla/5.0 (Macintosh; Intel Mac OS X 10_13_3) AppleWebKit/537.36 (KHTML, like Gecko) Chrome/65.0.3325.181 Safari/537.36',
  'accept' => 'text/html,application/xhtml+xml,application/xml;q=0.9,image/webp,image/apng,*/*;q=0.8',
  'accept-encoding' => 'gzip, deflate',
  'accept-language' => 'zh-CN,zh;q=0.9,en-US;q=0.8,en;q=0.7',
  'cookie' => 'pgv_pvi=9729562624; _ga=GA1.2.1860628366.1522078189; _gid=GA1.2.81685163.1522078189; _undeveloped_session=RHNJTkI2ak1ENkp4ZVN5czNGaEI2cVA3aWkySC9sVXhIQjFNK21ybVpHejZYYkk3eDRjenBGZ3FmaXVlditGU3BiZTFoUXREWUF0N213NzUxUVZ1MEVjZXZQOE9qOTQ5aDdKTUo2R1pSRnBTY3pjaitHdGNQbGNJaTJXME1Mc283eVJwNGY5RWhKM0tLQnh1MkhjYXF3dEN3NUNobGUxVEVlak03VDZ6VVg0PS0tcnlYc3RSalVOK0cyVjl2dElvVnRCQT09--46b235414cd67b0abd5677885870bfb4ad243b69; pgv_si=s2852259840',
)
[ info ] [ PARAM ] array (
  'userid' => '3',
)
[ info ] [ RUN ] app\api\controller\AudioControlApi->user[ /Applications/XAMPP/xamppfiles/htdocs/think/application/api/controller/AudioControlApi.php ]
[ info ] [ DB ] INIT mysql
[ info ] [ LOG ] INIT File
[ error ] [1]Call to undefined function app\api\controller\find()[/Applications/XAMPP/xamppfiles/htdocs/think/application/api/controller/AudioControlApi.php:24]
---------------------------------------------------------------
[ 2018-03-27T00:10:35+08:00 ] 127.0.0.1 GET /api/audiobyuser/3
[ info ] museum.xyz/api/audiobyuser/3 [运行时间：0.028166s][吞吐率：35.50req/s] [内存消耗：3,544.11kb] [文件加载：52]
[ info ] [ LANG ] /Applications/XAMPP/xamppfiles/htdocs/think/thinkphp/lang/zh-cn.php
[ info ] [ ROUTE ] array (
  'type' => 'module',
  'module' => 
  array (
    0 => 'api',
    1 => 'AudioControlApi',
    2 => 'user',
  ),
  'convert' => false,
)
[ info ] [ HEADER ] array (
  'host' => 'museum.xyz',
  'connection' => 'keep-alive',
  'cache-control' => 'max-age=0',
  'upgrade-insecure-requests' => '1',
  'user-agent' => 'Mozilla/5.0 (Macintosh; Intel Mac OS X 10_13_3) AppleWebKit/537.36 (KHTML, like Gecko) Chrome/65.0.3325.181 Safari/537.36',
  'accept' => 'text/html,application/xhtml+xml,application/xml;q=0.9,image/webp,image/apng,*/*;q=0.8',
  'accept-encoding' => 'gzip, deflate',
  'accept-language' => 'zh-CN,zh;q=0.9,en-US;q=0.8,en;q=0.7',
  'cookie' => 'pgv_pvi=9729562624; _ga=GA1.2.1860628366.1522078189; _gid=GA1.2.81685163.1522078189; _undeveloped_session=RHNJTkI2ak1ENkp4ZVN5czNGaEI2cVA3aWkySC9sVXhIQjFNK21ybVpHejZYYkk3eDRjenBGZ3FmaXVlditGU3BiZTFoUXREWUF0N213NzUxUVZ1MEVjZXZQOE9qOTQ5aDdKTUo2R1pSRnBTY3pjaitHdGNQbGNJaTJXME1Mc283eVJwNGY5RWhKM0tLQnh1MkhjYXF3dEN3NUNobGUxVEVlak03VDZ6VVg0PS0tcnlYc3RSalVOK0cyVjl2dElvVnRCQT09--46b235414cd67b0abd5677885870bfb4ad243b69; pgv_si=s2852259840',
)
[ info ] [ PARAM ] array (
  'userid' => '3',
)
[ info ] [ RUN ] app\api\controller\AudioControlApi->user[ /Applications/XAMPP/xamppfiles/htdocs/think/application/api/controller/AudioControlApi.php ]
[ info ] [ DB ] INIT mysql
[ info ] [ LOG ] INIT File
[ sql ] [ DB ] CONNECT:[ UseTime:0.000686s ] mysql:host=127.0.0.1;dbname=museumtest;charset=utf8
[ sql ] [ SQL ] SHOW COLUMNS FROM `audio` [ RunTime:0.002613s ]
[ sql ] [ SQL ] SELECT * FROM `audio` WHERE  `user_id` = 3 LIMIT 1 [ RunTime:0.001258s ]
---------------------------------------------------------------
[ 2018-03-27T00:10:38+08:00 ] 127.0.0.1 GET /api/audiobyuser/1
[ info ] museum.xyz/api/audiobyuser/1 [运行时间：0.024245s][吞吐率：41.25req/s] [内存消耗：3,545.70kb] [文件加载：52]
[ info ] [ LANG ] /Applications/XAMPP/xamppfiles/htdocs/think/thinkphp/lang/zh-cn.php
[ info ] [ ROUTE ] array (
  'type' => 'module',
  'module' => 
  array (
    0 => 'api',
    1 => 'AudioControlApi',
    2 => 'user',
  ),
  'convert' => false,
)
[ info ] [ HEADER ] array (
  'host' => 'museum.xyz',
  'connection' => 'keep-alive',
  'upgrade-insecure-requests' => '1',
  'user-agent' => 'Mozilla/5.0 (Macintosh; Intel Mac OS X 10_13_3) AppleWebKit/537.36 (KHTML, like Gecko) Chrome/65.0.3325.181 Safari/537.36',
  'accept' => 'text/html,application/xhtml+xml,application/xml;q=0.9,image/webp,image/apng,*/*;q=0.8',
  'accept-encoding' => 'gzip, deflate',
  'accept-language' => 'zh-CN,zh;q=0.9,en-US;q=0.8,en;q=0.7',
  'cookie' => 'pgv_pvi=9729562624; _ga=GA1.2.1860628366.1522078189; _gid=GA1.2.81685163.1522078189; _undeveloped_session=RHNJTkI2ak1ENkp4ZVN5czNGaEI2cVA3aWkySC9sVXhIQjFNK21ybVpHejZYYkk3eDRjenBGZ3FmaXVlditGU3BiZTFoUXREWUF0N213NzUxUVZ1MEVjZXZQOE9qOTQ5aDdKTUo2R1pSRnBTY3pjaitHdGNQbGNJaTJXME1Mc283eVJwNGY5RWhKM0tLQnh1MkhjYXF3dEN3NUNobGUxVEVlak03VDZ6VVg0PS0tcnlYc3RSalVOK0cyVjl2dElvVnRCQT09--46b235414cd67b0abd5677885870bfb4ad243b69; pgv_si=s2852259840',
)
[ info ] [ PARAM ] array (
  'userid' => '1',
)
[ info ] [ RUN ] app\api\controller\AudioControlApi->user[ /Applications/XAMPP/xamppfiles/htdocs/think/application/api/controller/AudioControlApi.php ]
[ info ] [ DB ] INIT mysql
[ info ] [ LOG ] INIT File
[ sql ] [ DB ] CONNECT:[ UseTime:0.000560s ] mysql:host=127.0.0.1;dbname=museumtest;charset=utf8
[ sql ] [ SQL ] SHOW COLUMNS FROM `audio` [ RunTime:0.002309s ]
[ sql ] [ SQL ] SELECT * FROM `audio` WHERE  `user_id` = 1 LIMIT 1 [ RunTime:0.000449s ]
---------------------------------------------------------------
[ 2018-03-27T00:17:55+08:00 ] 127.0.0.1 GET /api/audio/search/%E6%B5%8B%E8%AF%95
[ info ] museum.xyz/api/audio/search/%E6%B5%8B%E8%AF%95 [运行时间：0.041364s][吞吐率：24.18req/s] [内存消耗：3,543.14kb] [文件加载：52]
[ info ] [ LANG ] /Applications/XAMPP/xamppfiles/htdocs/think/thinkphp/lang/zh-cn.php
[ info ] [ ROUTE ] array (
  'type' => 'module',
  'module' => 
  array (
    0 => 'api',
    1 => 'AudioControlApi',
    2 => 'audio',
  ),
  'convert' => false,
)
[ info ] [ HEADER ] array (
  'host' => 'museum.xyz',
  'connection' => 'keep-alive',
  'upgrade-insecure-requests' => '1',
  'user-agent' => 'Mozilla/5.0 (Macintosh; Intel Mac OS X 10_13_3) AppleWebKit/537.36 (KHTML, like Gecko) Chrome/65.0.3325.181 Safari/537.36',
  'accept' => 'text/html,application/xhtml+xml,application/xml;q=0.9,image/webp,image/apng,*/*;q=0.8',
  'accept-encoding' => 'gzip, deflate',
  'accept-language' => 'zh-CN,zh;q=0.9,en-US;q=0.8,en;q=0.7',
  'cookie' => 'pgv_pvi=9729562624; _ga=GA1.2.1860628366.1522078189; _gid=GA1.2.81685163.1522078189; _undeveloped_session=RHNJTkI2ak1ENkp4ZVN5czNGaEI2cVA3aWkySC9sVXhIQjFNK21ybVpHejZYYkk3eDRjenBGZ3FmaXVlditGU3BiZTFoUXREWUF0N213NzUxUVZ1MEVjZXZQOE9qOTQ5aDdKTUo2R1pSRnBTY3pjaitHdGNQbGNJaTJXME1Mc283eVJwNGY5RWhKM0tLQnh1MkhjYXF3dEN3NUNobGUxVEVlak03VDZ6VVg0PS0tcnlYc3RSalVOK0cyVjl2dElvVnRCQT09--46b235414cd67b0abd5677885870bfb4ad243b69; pgv_si=s2852259840',
)
[ info ] [ PARAM ] array (
  'id' => 'search',
)
[ info ] [ RUN ] app\api\controller\AudioControlApi->audio[ /Applications/XAMPP/xamppfiles/htdocs/think/application/api/controller/AudioControlApi.php ]
[ info ] [ DB ] INIT mysql
[ info ] [ LOG ] INIT File
[ sql ] [ DB ] CONNECT:[ UseTime:0.000601s ] mysql:host=127.0.0.1;dbname=museumtest;charset=utf8
[ sql ] [ SQL ] SHOW COLUMNS FROM `audio` [ RunTime:0.002612s ]
[ sql ] [ SQL ] SELECT * FROM `audio` WHERE  `id` = 0 LIMIT 1 [ RunTime:0.000949s ]
---------------------------------------------------------------
[ 2018-03-27T00:18:00+08:00 ] 127.0.0.1 GET /api/audio/search?description=%E6%B5%8B%E8%AF%95
[ info ] museum.xyz/api/audio/search?description=%E6%B5%8B%E8%AF%95 [运行时间：0.036882s][吞吐率：27.11req/s] [内存消耗：3,544.19kb] [文件加载：52]
[ info ] [ LANG ] /Applications/XAMPP/xamppfiles/htdocs/think/thinkphp/lang/zh-cn.php
[ info ] [ ROUTE ] array (
  'type' => 'module',
  'module' => 
  array (
    0 => 'api',
    1 => 'AudioControlApi',
    2 => 'search',
  ),
  'convert' => false,
)
[ info ] [ HEADER ] array (
  'host' => 'museum.xyz',
  'connection' => 'keep-alive',
  'upgrade-insecure-requests' => '1',
  'user-agent' => 'Mozilla/5.0 (Macintosh; Intel Mac OS X 10_13_3) AppleWebKit/537.36 (KHTML, like Gecko) Chrome/65.0.3325.181 Safari/537.36',
  'accept' => 'text/html,application/xhtml+xml,application/xml;q=0.9,image/webp,image/apng,*/*;q=0.8',
  'accept-encoding' => 'gzip, deflate',
  'accept-language' => 'zh-CN,zh;q=0.9,en-US;q=0.8,en;q=0.7',
  'cookie' => 'pgv_pvi=9729562624; _ga=GA1.2.1860628366.1522078189; _gid=GA1.2.81685163.1522078189; _undeveloped_session=RHNJTkI2ak1ENkp4ZVN5czNGaEI2cVA3aWkySC9sVXhIQjFNK21ybVpHejZYYkk3eDRjenBGZ3FmaXVlditGU3BiZTFoUXREWUF0N213NzUxUVZ1MEVjZXZQOE9qOTQ5aDdKTUo2R1pSRnBTY3pjaitHdGNQbGNJaTJXME1Mc283eVJwNGY5RWhKM0tLQnh1MkhjYXF3dEN3NUNobGUxVEVlak03VDZ6VVg0PS0tcnlYc3RSalVOK0cyVjl2dElvVnRCQT09--46b235414cd67b0abd5677885870bfb4ad243b69; pgv_si=s2852259840',
)
[ info ] [ PARAM ] array (
  'description' => '测试',
)
[ info ] [ RUN ] app\api\controller\AudioControlApi->search[ /Applications/XAMPP/xamppfiles/htdocs/think/application/api/controller/AudioControlApi.php ]
[ info ] [ DB ] INIT mysql
[ info ] [ LOG ] INIT File
[ sql ] [ DB ] CONNECT:[ UseTime:0.000690s ] mysql:host=127.0.0.1;dbname=museumtest;charset=utf8
[ sql ] [ SQL ] SHOW COLUMNS FROM `audio` [ RunTime:0.002731s ]
[ sql ] [ SQL ] SELECT * FROM `audio` WHERE  `description` LIKE '%测试%' [ RunTime:0.000444s ]
---------------------------------------------------------------
[ 2018-03-27T09:00:03+08:00 ] 127.0.0.1 POST /api/admin/reg
[ info ] museum.xyz/api/admin/reg [运行时间：0.039802s][吞吐率：25.12req/s] [内存消耗：3,562.28kb] [文件加载：55]
[ info ] [ LANG ] /Applications/XAMPP/xamppfiles/htdocs/think/thinkphp/lang/zh-cn.php
[ info ] [ ROUTE ] array (
  'type' => 'module',
  'module' => 
  array (
    0 => 'api',
    1 => 'AdminControlApi',
    2 => 'reg',
  ),
  'convert' => false,
)
[ info ] [ HEADER ] array (
  'content-type' => 'multipart/form-data; boundary=--------------------------825084770507327460561429',
  'cache-control' => 'no-cache',
  'postman-token' => 'bc195854-dc28-4235-af9c-29a38d20e70c',
  'user-agent' => 'PostmanRuntime/7.1.1',
  'accept' => '*/*',
  'host' => 'museum.xyz',
  'cookie' => 'PHPSESSID=5tindq93i250stln12gbelhd53',
  'accept-encoding' => 'gzip, deflate',
  'content-length' => '390',
  'connection' => 'keep-alive',
)
[ info ] [ PARAM ] array (
  'loginname' => 'admintest',
  'password' => '123456',
  'role' => '1',
)
[ info ] [ RUN ] app\api\controller\AdminControlApi->reg[ /Applications/XAMPP/xamppfiles/htdocs/think/application/api/controller/AdminControlApi.php ]
[ info ] [ DB ] INIT mysql
[ info ] [ LOG ] INIT File
[ error ] [1]Class 'app\api\model\Db' not found[/Applications/XAMPP/xamppfiles/htdocs/think/application/api/model/Admin.php:50]
---------------------------------------------------------------
[ 2018-03-27T09:00:05+08:00 ] 127.0.0.1 POST /api/admin/reg
[ info ] museum.xyz/api/admin/reg [运行时间：0.025117s][吞吐率：39.81req/s] [内存消耗：3,562.28kb] [文件加载：55]
[ info ] [ LANG ] /Applications/XAMPP/xamppfiles/htdocs/think/thinkphp/lang/zh-cn.php
[ info ] [ ROUTE ] array (
  'type' => 'module',
  'module' => 
  array (
    0 => 'api',
    1 => 'AdminControlApi',
    2 => 'reg',
  ),
  'convert' => false,
)
[ info ] [ HEADER ] array (
  'content-type' => 'multipart/form-data; boundary=--------------------------625127024583081756730259',
  'cache-control' => 'no-cache',
  'postman-token' => 'dcdc4326-d237-46f3-aba3-06f10a7b8bc5',
  'user-agent' => 'PostmanRuntime/7.1.1',
  'accept' => '*/*',
  'host' => 'museum.xyz',
  'cookie' => 'PHPSESSID=5tindq93i250stln12gbelhd53',
  'accept-encoding' => 'gzip, deflate',
  'content-length' => '390',
  'connection' => 'keep-alive',
)
[ info ] [ PARAM ] array (
  'loginname' => 'admintest',
  'password' => '123456',
  'role' => '1',
)
[ info ] [ RUN ] app\api\controller\AdminControlApi->reg[ /Applications/XAMPP/xamppfiles/htdocs/think/application/api/controller/AdminControlApi.php ]
[ info ] [ DB ] INIT mysql
[ info ] [ LOG ] INIT File
[ error ] [1]Class 'app\api\model\Db' not found[/Applications/XAMPP/xamppfiles/htdocs/think/application/api/model/Admin.php:50]
---------------------------------------------------------------
[ 2018-03-27T09:00:07+08:00 ] 127.0.0.1 POST /api/admin/reg
[ info ] museum.xyz/api/admin/reg [运行时间：0.022547s][吞吐率：44.35req/s] [内存消耗：3,562.71kb] [文件加载：55]
[ info ] [ LANG ] /Applications/XAMPP/xamppfiles/htdocs/think/thinkphp/lang/zh-cn.php
[ info ] [ ROUTE ] array (
  'type' => 'module',
  'module' => 
  array (
    0 => 'api',
    1 => 'AdminControlApi',
    2 => 'reg',
  ),
  'convert' => false,
)
[ info ] [ HEADER ] array (
  'content-type' => 'multipart/form-data; boundary=--------------------------442639482947645797469719',
  'cache-control' => 'no-cache',
  'postman-token' => 'ce75fcd1-f261-454e-b356-817c215731fb',
  'user-agent' => 'PostmanRuntime/7.1.1',
  'accept' => '*/*',
  'host' => 'museum.xyz',
  'cookie' => 'PHPSESSID=5tindq93i250stln12gbelhd53',
  'accept-encoding' => 'gzip, deflate',
  'content-length' => '390',
  'connection' => 'keep-alive',
)
[ info ] [ PARAM ] array (
  'loginname' => 'admintest',
  'password' => '123456',
  'role' => '1',
)
[ info ] [ RUN ] app\api\controller\AdminControlApi->reg[ /Applications/XAMPP/xamppfiles/htdocs/think/application/api/controller/AdminControlApi.php ]
[ info ] [ DB ] INIT mysql
[ info ] [ LOG ] INIT File
[ error ] [1]Class 'app\api\model\Db' not found[/Applications/XAMPP/xamppfiles/htdocs/think/application/api/model/Admin.php:50]
---------------------------------------------------------------
[ 2018-03-27T09:00:08+08:00 ] 127.0.0.1 POST /api/admin/reg
[ info ] museum.xyz/api/admin/reg [运行时间：0.028005s][吞吐率：35.71req/s] [内存消耗：3,562.28kb] [文件加载：55]
[ info ] [ LANG ] /Applications/XAMPP/xamppfiles/htdocs/think/thinkphp/lang/zh-cn.php
[ info ] [ ROUTE ] array (
  'type' => 'module',
  'module' => 
  array (
    0 => 'api',
    1 => 'AdminControlApi',
    2 => 'reg',
  ),
  'convert' => false,
)
[ info ] [ HEADER ] array (
  'content-type' => 'multipart/form-data; boundary=--------------------------935750931547985556853598',
  'cache-control' => 'no-cache',
  'postman-token' => '5f6bbdc3-052a-4d9f-ab35-9b4f8d686c74',
  'user-agent' => 'PostmanRuntime/7.1.1',
  'accept' => '*/*',
  'host' => 'museum.xyz',
  'cookie' => 'PHPSESSID=5tindq93i250stln12gbelhd53',
  'accept-encoding' => 'gzip, deflate',
  'content-length' => '390',
  'connection' => 'keep-alive',
)
[ info ] [ PARAM ] array (
  'loginname' => 'admintest',
  'password' => '123456',
  'role' => '1',
)
[ info ] [ RUN ] app\api\controller\AdminControlApi->reg[ /Applications/XAMPP/xamppfiles/htdocs/think/application/api/controller/AdminControlApi.php ]
[ info ] [ DB ] INIT mysql
[ info ] [ LOG ] INIT File
[ error ] [1]Class 'app\api\model\Db' not found[/Applications/XAMPP/xamppfiles/htdocs/think/application/api/model/Admin.php:50]
---------------------------------------------------------------
[ 2018-03-27T09:00:55+08:00 ] 127.0.0.1 POST /api/admin/reg
[ info ] museum.xyz/api/admin/reg [运行时间：0.030572s][吞吐率：32.71req/s] [内存消耗：3,572.83kb] [文件加载：53]
[ info ] [ LANG ] /Applications/XAMPP/xamppfiles/htdocs/think/thinkphp/lang/zh-cn.php
[ info ] [ ROUTE ] array (
  'type' => 'module',
  'module' => 
  array (
    0 => 'api',
    1 => 'AdminControlApi',
    2 => 'reg',
  ),
  'convert' => false,
)
[ info ] [ HEADER ] array (
  'content-type' => 'multipart/form-data; boundary=--------------------------459495088292824382635410',
  'cache-control' => 'no-cache',
  'postman-token' => 'ac51406e-a995-445d-904f-3e34c8f5ad63',
  'user-agent' => 'PostmanRuntime/7.1.1',
  'accept' => '*/*',
  'host' => 'museum.xyz',
  'cookie' => 'PHPSESSID=5tindq93i250stln12gbelhd53',
  'accept-encoding' => 'gzip, deflate',
  'content-length' => '390',
  'connection' => 'keep-alive',
)
[ info ] [ PARAM ] array (
  'loginname' => 'admintest',
  'password' => '123456',
  'role' => '1',
)
[ info ] [ RUN ] app\api\controller\AdminControlApi->reg[ /Applications/XAMPP/xamppfiles/htdocs/think/application/api/controller/AdminControlApi.php ]
[ info ] [ DB ] INIT mysql
[ info ] [ LOG ] INIT File
[ sql ] [ DB ] CONNECT:[ UseTime:0.000620s ] mysql:host=127.0.0.1;dbname=museumtest;charset=utf8
[ sql ] [ SQL ] SHOW COLUMNS FROM `admin` [ RunTime:0.003686s ]
[ sql ] [ SQL ] INSERT INTO `admin` (`loginname` , `password` , `role`) VALUES ('admintest' , 'fe386210f3e642fe7ae8931bbede6fa9' , 1) [ RunTime:0.001430s ]
---------------------------------------------------------------
[ 2018-03-27T09:02:22+08:00 ] 127.0.0.1 POST /api/admin/reg
[ info ] museum.xyz/api/admin/reg [运行时间：0.030930s][吞吐率：32.33req/s] [内存消耗：3,635.80kb] [文件加载：57]
[ info ] [ LANG ] /Applications/XAMPP/xamppfiles/htdocs/think/thinkphp/lang/zh-cn.php
[ info ] [ ROUTE ] array (
  'type' => 'module',
  'module' => 
  array (
    0 => 'api',
    1 => 'AdminControlApi',
    2 => 'reg',
  ),
  'convert' => false,
)
[ info ] [ HEADER ] array (
  'content-type' => 'multipart/form-data; boundary=--------------------------748170165645394017196206',
  'cache-control' => 'no-cache',
  'postman-token' => '4eedf974-0c06-4832-ad21-31b68e2dbec5',
  'user-agent' => 'PostmanRuntime/7.1.1',
  'accept' => '*/*',
  'host' => 'museum.xyz',
  'cookie' => 'PHPSESSID=5tindq93i250stln12gbelhd53',
  'accept-encoding' => 'gzip, deflate',
  'content-length' => '390',
  'connection' => 'keep-alive',
)
[ info ] [ PARAM ] array (
  'loginname' => 'admintest',
  'password' => '123456',
  'role' => '1',
)
[ info ] [ RUN ] app\api\controller\AdminControlApi->reg[ /Applications/XAMPP/xamppfiles/htdocs/think/application/api/controller/AdminControlApi.php ]
[ info ] [ DB ] INIT mysql
[ info ] [ LOG ] INIT File
[ sql ] [ DB ] CONNECT:[ UseTime:0.000523s ] mysql:host=127.0.0.1;dbname=museumtest;charset=utf8
[ sql ] [ SQL ] SHOW COLUMNS FROM `admin` [ RunTime:0.003853s ]
[ error ] [10501]SQLSTATE[23000]: Integrity constraint violation: 1062 Duplicate entry 'admintest' for key 'loginname'[/Applications/XAMPP/xamppfiles/htdocs/think/thinkphp/library/think/db/Connection.php:456]
---------------------------------------------------------------
[ 2018-03-27T09:04:06+08:00 ] 127.0.0.1 POST /api/admin/reg
[ info ] museum.xyz/api/admin/reg [运行时间：0.033365s][吞吐率：29.97req/s] [内存消耗：3,581.83kb] [文件加载：53]
[ info ] [ LANG ] /Applications/XAMPP/xamppfiles/htdocs/think/thinkphp/lang/zh-cn.php
[ info ] [ ROUTE ] array (
  'type' => 'module',
  'module' => 
  array (
    0 => 'api',
    1 => 'AdminControlApi',
    2 => 'reg',
  ),
  'convert' => false,
)
[ info ] [ HEADER ] array (
  'content-type' => 'multipart/form-data; boundary=--------------------------764799665082915914896380',
  'cache-control' => 'no-cache',
  'postman-token' => '1f2b54fd-cb11-478e-8e80-532241888a90',
  'user-agent' => 'PostmanRuntime/7.1.1',
  'accept' => '*/*',
  'host' => 'museum.xyz',
  'cookie' => 'PHPSESSID=5tindq93i250stln12gbelhd53',
  'accept-encoding' => 'gzip, deflate',
  'content-length' => '390',
  'connection' => 'keep-alive',
)
[ info ] [ PARAM ] array (
  'loginname' => 'admintest',
  'password' => '123456',
  'role' => '1',
)
[ info ] [ RUN ] app\api\controller\AdminControlApi->reg[ /Applications/XAMPP/xamppfiles/htdocs/think/application/api/controller/AdminControlApi.php ]
[ info ] [ DB ] INIT mysql
[ info ] [ LOG ] INIT File
[ sql ] [ DB ] CONNECT:[ UseTime:0.000698s ] mysql:host=127.0.0.1;dbname=museumtest;charset=utf8
[ sql ] [ SQL ] SHOW COLUMNS FROM `admin` [ RunTime:0.002596s ]
[ sql ] [ SQL ] SELECT * FROM `admin` WHERE  `loginname` = 'admintest' LIMIT 1 [ RunTime:0.000405s ]
---------------------------------------------------------------
[ 2018-03-27T09:04:38+08:00 ] 127.0.0.1 POST /api/admin/reg
[ info ] museum.xyz/api/admin/reg [运行时间：0.026781s][吞吐率：37.34req/s] [内存消耗：3,582.42kb] [文件加载：53]
[ info ] [ LANG ] /Applications/XAMPP/xamppfiles/htdocs/think/thinkphp/lang/zh-cn.php
[ info ] [ ROUTE ] array (
  'type' => 'module',
  'module' => 
  array (
    0 => 'api',
    1 => 'AdminControlApi',
    2 => 'reg',
  ),
  'convert' => false,
)
[ info ] [ HEADER ] array (
  'content-type' => 'multipart/form-data; boundary=--------------------------596369654744493224595020',
  'cache-control' => 'no-cache',
  'postman-token' => 'f522fe3a-7fe6-4352-8fcd-1fc3636c7c01',
  'user-agent' => 'PostmanRuntime/7.1.1',
  'accept' => '*/*',
  'host' => 'museum.xyz',
  'cookie' => 'PHPSESSID=5tindq93i250stln12gbelhd53',
  'accept-encoding' => 'gzip, deflate',
  'content-length' => '390',
  'connection' => 'keep-alive',
)
[ info ] [ PARAM ] array (
  'loginname' => 'admintest',
  'password' => '123456',
  'role' => '1',
)
[ info ] [ RUN ] app\api\controller\AdminControlApi->reg[ /Applications/XAMPP/xamppfiles/htdocs/think/application/api/controller/AdminControlApi.php ]
[ info ] [ DB ] INIT mysql
[ info ] [ LOG ] INIT File
[ sql ] [ DB ] CONNECT:[ UseTime:0.000589s ] mysql:host=127.0.0.1;dbname=museumtest;charset=utf8
[ sql ] [ SQL ] SHOW COLUMNS FROM `admin` [ RunTime:0.002645s ]
[ sql ] [ SQL ] SELECT * FROM `admin` WHERE  `loginname` = 'admintest' LIMIT 1 [ RunTime:0.000444s ]
---------------------------------------------------------------
[ 2018-03-27T09:04:43+08:00 ] 127.0.0.1 POST /api/admin/reg
[ info ] museum.xyz/api/admin/reg [运行时间：0.029487s][吞吐率：33.91req/s] [内存消耗：3,578.48kb] [文件加载：53]
[ info ] [ LANG ] /Applications/XAMPP/xamppfiles/htdocs/think/thinkphp/lang/zh-cn.php
[ info ] [ ROUTE ] array (
  'type' => 'module',
  'module' => 
  array (
    0 => 'api',
    1 => 'AdminControlApi',
    2 => 'reg',
  ),
  'convert' => false,
)
[ info ] [ HEADER ] array (
  'content-type' => 'multipart/form-data; boundary=--------------------------135110357885485138698293',
  'cache-control' => 'no-cache',
  'postman-token' => '0c0b5b3d-4c90-437e-b248-3fef1498cb8c',
  'user-agent' => 'PostmanRuntime/7.1.1',
  'accept' => '*/*',
  'host' => 'museum.xyz',
  'cookie' => 'PHPSESSID=5tindq93i250stln12gbelhd53',
  'accept-encoding' => 'gzip, deflate',
  'content-length' => '391',
  'connection' => 'keep-alive',
)
[ info ] [ PARAM ] array (
  'loginname' => 'admintest1',
  'password' => '123456',
  'role' => '1',
)
[ info ] [ RUN ] app\api\controller\AdminControlApi->reg[ /Applications/XAMPP/xamppfiles/htdocs/think/application/api/controller/AdminControlApi.php ]
[ info ] [ DB ] INIT mysql
[ info ] [ LOG ] INIT File
[ sql ] [ DB ] CONNECT:[ UseTime:0.001354s ] mysql:host=127.0.0.1;dbname=museumtest;charset=utf8
[ sql ] [ SQL ] SHOW COLUMNS FROM `admin` [ RunTime:0.004308s ]
[ sql ] [ SQL ] SELECT * FROM `admin` WHERE  `loginname` = 'admintest1' LIMIT 1 [ RunTime:0.000455s ]
[ sql ] [ SQL ] INSERT INTO `admin` (`loginname` , `password` , `role`) VALUES ('admintest1' , 'fe386210f3e642fe7ae8931bbede6fa9' , 1) [ RunTime:0.000743s ]
---------------------------------------------------------------
[ 2018-03-27T09:10:47+08:00 ] 127.0.0.1 POST /api/user/reg
[ info ] museum.xyz/api/user/reg [运行时间：0.028143s][吞吐率：35.53req/s] [内存消耗：3,647.87kb] [文件加载：56]
[ info ] [ LANG ] /Applications/XAMPP/xamppfiles/htdocs/think/thinkphp/lang/zh-cn.php
[ info ] [ ROUTE ] array (
  'type' => 'module',
  'module' => 
  array (
    0 => 'api',
    1 => 'UserControlApi',
    2 => 'reg',
  ),
  'convert' => false,
)
[ info ] [ HEADER ] array (
  'content-type' => 'multipart/form-data; boundary=--------------------------898597984979920011466827',
  'cache-control' => 'no-cache',
  'postman-token' => '4033d774-d6a9-471f-a504-acf6921e5b7a',
  'user-agent' => 'PostmanRuntime/7.1.1',
  'accept' => '*/*',
  'host' => 'museum.xyz',
  'cookie' => 'PHPSESSID=5tindq93i250stln12gbelhd53',
  'accept-encoding' => 'gzip, deflate',
  'content-length' => '286',
  'connection' => 'keep-alive',
)
[ info ] [ PARAM ] array (
  'loginname' => 'usertest1',
  'password' => '123456',
)
[ info ] [ RUN ] app\api\controller\UserControlApi->reg[ /Applications/XAMPP/xamppfiles/htdocs/think/application/api/controller/UserControlApi.php ]
[ info ] [ DB ] INIT mysql
[ info ] [ LOG ] INIT File
[ sql ] [ DB ] CONNECT:[ UseTime:0.000566s ] mysql:host=127.0.0.1;dbname=museumtest;charset=utf8
[ sql ] [ SQL ] SHOW COLUMNS FROM `user` [ RunTime:0.002192s ]
[ sql ] [ SQL ] SELECT * FROM `user` WHERE  `loginname` = 'usertest1' LIMIT 1 [ RunTime:0.000522s ]
[ error ] [1]Class 'app\api\model\Db' not found[/Applications/XAMPP/xamppfiles/htdocs/think/application/api/model/User.php:56]
---------------------------------------------------------------
[ 2018-03-27T09:11:11+08:00 ] 127.0.0.1 POST /api/user/reg
[ info ] museum.xyz/api/user/reg [运行时间：0.028301s][吞吐率：35.33req/s] [内存消耗：3,580.92kb] [文件加载：53]
[ info ] [ LANG ] /Applications/XAMPP/xamppfiles/htdocs/think/thinkphp/lang/zh-cn.php
[ info ] [ ROUTE ] array (
  'type' => 'module',
  'module' => 
  array (
    0 => 'api',
    1 => 'UserControlApi',
    2 => 'reg',
  ),
  'convert' => false,
)
[ info ] [ HEADER ] array (
  'content-type' => 'multipart/form-data; boundary=--------------------------520303687201199422161815',
  'cache-control' => 'no-cache',
  'postman-token' => 'f977bf0d-a6d9-4614-80ed-8966aced3917',
  'user-agent' => 'PostmanRuntime/7.1.1',
  'accept' => '*/*',
  'host' => 'museum.xyz',
  'cookie' => 'PHPSESSID=5tindq93i250stln12gbelhd53',
  'accept-encoding' => 'gzip, deflate',
  'content-length' => '286',
  'connection' => 'keep-alive',
)
[ info ] [ PARAM ] array (
  'loginname' => 'usertest1',
  'password' => '123456',
)
[ info ] [ RUN ] app\api\controller\UserControlApi->reg[ /Applications/XAMPP/xamppfiles/htdocs/think/application/api/controller/UserControlApi.php ]
[ info ] [ DB ] INIT mysql
[ info ] [ LOG ] INIT File
[ sql ] [ DB ] CONNECT:[ UseTime:0.000524s ] mysql:host=127.0.0.1;dbname=museumtest;charset=utf8
[ sql ] [ SQL ] SHOW COLUMNS FROM `user` [ RunTime:0.003965s ]
[ sql ] [ SQL ] SELECT * FROM `user` WHERE  `loginname` = 'usertest1' LIMIT 1 [ RunTime:0.000431s ]
[ sql ] [ SQL ] INSERT INTO `user` (`loginname` , `password`) VALUES ('usertest1' , 'fe386210f3e642fe7ae8931bbede6fa9') [ RunTime:0.000875s ]
---------------------------------------------------------------
[ 2018-03-27T09:11:53+08:00 ] 127.0.0.1 POST /api/user/reg
[ info ] museum.xyz/api/user/reg [运行时间：0.028824s][吞吐率：34.69req/s] [内存消耗：3,586.45kb] [文件加载：53]
[ info ] [ LANG ] /Applications/XAMPP/xamppfiles/htdocs/think/thinkphp/lang/zh-cn.php
[ info ] [ ROUTE ] array (
  'type' => 'module',
  'module' => 
  array (
    0 => 'api',
    1 => 'UserControlApi',
    2 => 'reg',
  ),
  'convert' => false,
)
[ info ] [ HEADER ] array (
  'content-type' => 'multipart/form-data; boundary=--------------------------172880921059474470390685',
  'cache-control' => 'no-cache',
  'postman-token' => '0d0368f3-5a83-4a1a-b5da-22b25659fc82',
  'user-agent' => 'PostmanRuntime/7.1.1',
  'accept' => '*/*',
  'host' => 'museum.xyz',
  'cookie' => 'PHPSESSID=5tindq93i250stln12gbelhd53',
  'accept-encoding' => 'gzip, deflate',
  'content-length' => '283',
  'connection' => 'keep-alive',
)
[ info ] [ PARAM ] array (
  'loginname' => 'usertest1',
  'password' => 'wyh',
)
[ info ] [ RUN ] app\api\controller\UserControlApi->reg[ /Applications/XAMPP/xamppfiles/htdocs/think/application/api/controller/UserControlApi.php ]
[ info ] [ DB ] INIT mysql
[ info ] [ LOG ] INIT File
[ sql ] [ DB ] CONNECT:[ UseTime:0.000600s ] mysql:host=127.0.0.1;dbname=museumtest;charset=utf8
[ sql ] [ SQL ] SHOW COLUMNS FROM `user` [ RunTime:0.004387s ]
[ sql ] [ SQL ] SELECT * FROM `user` WHERE  `loginname` = 'usertest1' LIMIT 1 [ RunTime:0.000477s ]
---------------------------------------------------------------
[ 2018-03-27T09:11:57+08:00 ] 127.0.0.1 POST /api/user/reg
[ info ] museum.xyz/api/user/reg [运行时间：0.027379s][吞吐率：36.52req/s] [内存消耗：3,580.92kb] [文件加载：53]
[ info ] [ LANG ] /Applications/XAMPP/xamppfiles/htdocs/think/thinkphp/lang/zh-cn.php
[ info ] [ ROUTE ] array (
  'type' => 'module',
  'module' => 
  array (
    0 => 'api',
    1 => 'UserControlApi',
    2 => 'reg',
  ),
  'convert' => false,
)
[ info ] [ HEADER ] array (
  'content-type' => 'multipart/form-data; boundary=--------------------------851751391541768977875724',
  'cache-control' => 'no-cache',
  'postman-token' => '1c5d6134-d974-4c19-8565-9152cb7c43f3',
  'user-agent' => 'PostmanRuntime/7.1.1',
  'accept' => '*/*',
  'host' => 'museum.xyz',
  'cookie' => 'PHPSESSID=5tindq93i250stln12gbelhd53',
  'accept-encoding' => 'gzip, deflate',
  'content-length' => '283',
  'connection' => 'keep-alive',
)
[ info ] [ PARAM ] array (
  'loginname' => 'usertest2',
  'password' => 'wyh',
)
[ info ] [ RUN ] app\api\controller\UserControlApi->reg[ /Applications/XAMPP/xamppfiles/htdocs/think/application/api/controller/UserControlApi.php ]
[ info ] [ DB ] INIT mysql
[ info ] [ LOG ] INIT File
[ sql ] [ DB ] CONNECT:[ UseTime:0.000701s ] mysql:host=127.0.0.1;dbname=museumtest;charset=utf8
[ sql ] [ SQL ] SHOW COLUMNS FROM `user` [ RunTime:0.004278s ]
[ sql ] [ SQL ] SELECT * FROM `user` WHERE  `loginname` = 'usertest2' LIMIT 1 [ RunTime:0.000455s ]
[ sql ] [ SQL ] INSERT INTO `user` (`loginname` , `password`) VALUES ('usertest2' , '3435aebbfbbca506cee7c018e06307d2') [ RunTime:0.000826s ]
---------------------------------------------------------------
[ 2018-03-27T09:12:09+08:00 ] 127.0.0.1 POST /api/user/login
[ info ] museum.xyz/api/user/login [运行时间：0.026750s][吞吐率：37.38req/s] [内存消耗：3,591.06kb] [文件加载：53]
[ info ] [ LANG ] /Applications/XAMPP/xamppfiles/htdocs/think/thinkphp/lang/zh-cn.php
[ info ] [ ROUTE ] array (
  'type' => 'module',
  'module' => 
  array (
    0 => 'api',
    1 => 'UserControlApi',
    2 => 'login',
  ),
  'convert' => false,
)
[ info ] [ HEADER ] array (
  'content-type' => 'multipart/form-data; boundary=--------------------------686775212688399741743087',
  'cache-control' => 'no-cache',
  'postman-token' => 'd15c5bbe-3ce5-47f8-b721-78833631f66a',
  'user-agent' => 'PostmanRuntime/7.1.1',
  'accept' => '*/*',
  'host' => 'museum.xyz',
  'cookie' => 'PHPSESSID=5tindq93i250stln12gbelhd53',
  'accept-encoding' => 'gzip, deflate',
  'content-length' => '283',
  'connection' => 'keep-alive',
)
[ info ] [ PARAM ] array (
  'loginname' => 'usertest2',
  'password' => 'wyh',
)
[ info ] [ RUN ] app\api\controller\UserControlApi->login[ /Applications/XAMPP/xamppfiles/htdocs/think/application/api/controller/UserControlApi.php ]
[ info ] [ DB ] INIT mysql
[ info ] [ SESSION ] INIT array (
  'id' => '',
  'var_session_id' => '',
  'prefix' => 'think',
  'type' => '',
  'auto_start' => true,
)
[ info ] [ LOG ] INIT File
[ sql ] [ DB ] CONNECT:[ UseTime:0.000651s ] mysql:host=127.0.0.1;dbname=museumtest;charset=utf8
[ sql ] [ SQL ] SHOW COLUMNS FROM `user` [ RunTime:0.004030s ]
[ sql ] [ SQL ] SELECT * FROM `user` WHERE  `loginname` = 'usertest2'  AND `password` = '3435aebbfbbca506cee7c018e06307d2' LIMIT 1 [ RunTime:0.000444s ]
---------------------------------------------------------------
[ 2018-03-27T09:20:49+08:00 ] 127.0.0.1 POST /api/exhibition/1
[ info ] museum.xyz/api/exhibition/1 [运行时间：0.016837s][吞吐率：59.39req/s] [内存消耗：1,800.20kb] [文件加载：39]
[ info ] [ LANG ] /Applications/XAMPP/xamppfiles/htdocs/think/thinkphp/lang/zh-cn.php
[ info ] [ ROUTE ] array (
  'type' => 'module',
  'module' => 
  array (
    0 => 'api',
    1 => 'exhibition',
    2 => '1',
  ),
)
[ info ] [ HEADER ] array (
  'content-type' => 'multipart/form-data; boundary=--------------------------906506389880568036581835',
  'cache-control' => 'no-cache',
  'postman-token' => '0869870a-9bf9-4f31-8bbb-a7efb5fd7791',
  'user-agent' => 'PostmanRuntime/7.1.1',
  'accept' => '*/*',
  'host' => 'museum.xyz',
  'cookie' => 'PHPSESSID=5tindq93i250stln12gbelhd53',
  'accept-encoding' => 'gzip, deflate',
  'content-length' => '283',
  'connection' => 'keep-alive',
)
[ info ] [ PARAM ] array (
  'loginname' => 'usertest2',
  'password' => 'wyh',
)
[ info ] [ LOG ] INIT File
---------------------------------------------------------------
[ 2018-03-27T09:21:07+08:00 ] 127.0.0.1 GET /api/exhibition/1
[ info ] museum.xyz/api/exhibition/1 [运行时间：0.016960s][吞吐率：58.96req/s] [内存消耗：2,166.13kb] [文件加载：45]
[ info ] [ LANG ] /Applications/XAMPP/xamppfiles/htdocs/think/thinkphp/lang/zh-cn.php
[ info ] [ ROUTE ] array (
  'type' => 'module',
  'module' => 
  array (
    0 => 'api',
    1 => 'ExhibitionControlApi',
    2 => 'museum',
  ),
  'convert' => false,
)
[ info ] [ HEADER ] array (
  'content-type' => 'application/x-www-form-urlencoded',
  'cache-control' => 'no-cache',
  'postman-token' => 'bb6ff85c-7ded-4a07-8b1b-a464883afad4',
  'user-agent' => 'PostmanRuntime/7.1.1',
  'accept' => '*/*',
  'host' => 'museum.xyz',
  'cookie' => 'PHPSESSID=5tindq93i250stln12gbelhd53',
  'accept-encoding' => 'gzip, deflate',
  'connection' => 'keep-alive',
)
[ info ] [ PARAM ] array (
  'id' => '1',
)
[ info ] [ LOG ] INIT File
---------------------------------------------------------------
[ 2018-03-27T09:21:29+08:00 ] 127.0.0.1 GET /api/exhibition/1
[ info ] museum.xyz/api/exhibition/1 [运行时间：0.028915s][吞吐率：34.58req/s] [内存消耗：3,548.32kb] [文件加载：52]
[ info ] [ LANG ] /Applications/XAMPP/xamppfiles/htdocs/think/thinkphp/lang/zh-cn.php
[ info ] [ ROUTE ] array (
  'type' => 'module',
  'module' => 
  array (
    0 => 'api',
    1 => 'ExhibitionControlApi',
    2 => 'exhibition',
  ),
  'convert' => false,
)
[ info ] [ HEADER ] array (
  'content-type' => 'application/x-www-form-urlencoded',
  'cache-control' => 'no-cache',
  'postman-token' => 'c9d29193-96a7-4ffc-8867-38297ed19b23',
  'user-agent' => 'PostmanRuntime/7.1.1',
  'accept' => '*/*',
  'host' => 'museum.xyz',
  'cookie' => 'PHPSESSID=5tindq93i250stln12gbelhd53',
  'accept-encoding' => 'gzip, deflate',
  'connection' => 'keep-alive',
)
[ info ] [ PARAM ] array (
  'id' => '1',
)
[ info ] [ RUN ] app\api\controller\ExhibitionControlApi->exhibition[ /Applications/XAMPP/xamppfiles/htdocs/think/application/api/controller/ExhibitionControlApi.php ]
[ info ] [ DB ] INIT mysql
[ info ] [ LOG ] INIT File
[ sql ] [ DB ] CONNECT:[ UseTime:0.000555s ] mysql:host=127.0.0.1;dbname=museumtest;charset=utf8
[ sql ] [ SQL ] SHOW COLUMNS FROM `exhibition` [ RunTime:0.004048s ]
[ sql ] [ SQL ] SELECT * FROM `exhibition` WHERE  `id` = 1 LIMIT 1 [ RunTime:0.000426s ]
---------------------------------------------------------------
[ 2018-03-27T09:21:45+08:00 ] 127.0.0.1 GET /api/exhibition/search?name=sdd
[ info ] museum.xyz/api/exhibition/search?name=sdd [运行时间：0.026969s][吞吐率：37.08req/s] [内存消耗：3,547.13kb] [文件加载：52]
[ info ] [ LANG ] /Applications/XAMPP/xamppfiles/htdocs/think/thinkphp/lang/zh-cn.php
[ info ] [ ROUTE ] array (
  'type' => 'module',
  'module' => 
  array (
    0 => 'api',
    1 => 'ExhibitionControlApi',
    2 => 'search',
  ),
  'convert' => false,
)
[ info ] [ HEADER ] array (
  'content-type' => 'application/x-www-form-urlencoded',
  'cache-control' => 'no-cache',
  'postman-token' => '57734027-9928-42e4-b97b-c553397b61cd',
  'user-agent' => 'PostmanRuntime/7.1.1',
  'accept' => '*/*',
  'host' => 'museum.xyz',
  'cookie' => 'PHPSESSID=5tindq93i250stln12gbelhd53',
  'accept-encoding' => 'gzip, deflate',
  'connection' => 'keep-alive',
)
[ info ] [ PARAM ] array (
  'name' => 'sdd',
)
[ info ] [ RUN ] app\api\controller\ExhibitionControlApi->search[ /Applications/XAMPP/xamppfiles/htdocs/think/application/api/controller/ExhibitionControlApi.php ]
[ info ] [ DB ] INIT mysql
[ info ] [ LOG ] INIT File
[ sql ] [ DB ] CONNECT:[ UseTime:0.000696s ] mysql:host=127.0.0.1;dbname=museumtest;charset=utf8
[ sql ] [ SQL ] SHOW COLUMNS FROM `exhibition` [ RunTime:0.004270s ]
[ sql ] [ SQL ] SELECT * FROM `exhibition` WHERE  `name` LIKE '%sdd%' [ RunTime:0.000510s ]
